#
# There is insufficient memory for the Java Runtime Environment to continue.
# Native memory allocation (malloc) failed to allocate 32744 bytes for ChunkPool::allocate
# Possible reasons:
#   The system is out of physical RAM or swap space
#   The process is running with CompressedOops enabled, and the Java Heap may be blocking the growth of the native heap
# Possible solutions:
#   Reduce memory load on the system
#   Increase physical memory or swap space
#   Check if swap backing store is full
#   Decrease Java heap size (-Xmx/-Xms)
#   Decrease number of Java threads
#   Decrease Java thread stack sizes (-Xss)
#   Set larger code cache with -XX:ReservedCodeCacheSize=
#   JVM is running with Unscaled Compressed Oops mode in which the Java heap is
#     placed in the first 4GB address space. The Java Heap base address is the
#     maximum limit for the native heap growth. Please use -XX:HeapBaseMinAddress
#     to set the Java Heap base and to place the Java Heap above 4GB virtual address.
# This output file may be truncated or incomplete.
#
#  Out of Memory Error (arena.cpp:78), pid=11000, tid=6176
#
# JRE version: OpenJDK Runtime Environment (17.0.6) (build 17.0.6+0-b2043.56-9586694)
# Java VM: OpenJDK 64-Bit Server VM (17.0.6+0-b2043.56-9586694, mixed mode, tiered, compressed oops, compressed class ptrs, g1 gc, windows-amd64)
# No core dump will be written. Minidumps are not enabled by default on client versions of Windows
#

---------------  S U M M A R Y ------------

Command Line: -XX:MaxPermSize=512M -XX:+HeapDumpOnOutOfMemoryError --add-opens=java.base/java.util=ALL-UNNAMED --add-opens=java.base/java.lang=ALL-UNNAMED --add-opens=java.base/java.lang.invoke=ALL-UNNAMED --add-opens=java.base/java.util=ALL-UNNAMED --add-opens=java.prefs/java.util.prefs=ALL-UNNAMED --add-opens=java.prefs/java.util.prefs=ALL-UNNAMED --add-opens=java.base/java.nio.charset=ALL-UNNAMED --add-opens=java.base/java.net=ALL-UNNAMED --add-opens=java.base/java.util.concurrent.atomic=ALL-UNNAMED -Xmx2048M -Dfile.encoding=UTF-8 -Duser.country=FR -Duser.language=fr -Duser.variant -Xms256m -Xmx1024m org.gradle.launcher.daemon.bootstrap.GradleDaemon 7.5

Host: Intel(R) Core(TM) i5-5300U CPU @ 2.30GHz, 4 cores, 7G,  Windows 11 , 64 bit Build 22000 (10.0.22000.1761)
Time: Mon May  1 15:11:25 2023 Maroc (heure d64 bit Build 22000 (10.0.22000.1761) elapsed time: 82.501882 seconds (0d 0h 1m 22s)

---------------  T H R E A D  ---------------

Current thread (0x000002082a446dc0):  JavaThread "C2 CompilerThread0" daemon [_thread_in_native, id=6176, stack(0x0000006f2a800000,0x0000006f2a900000)]


Current CompileTask:
C2:  82501 13988       4       org.gradle.internal.logging.text.AbstractLineChoppingStyledTextOutput::doAppend (43 bytes)

Stack: [0x0000006f2a800000,0x0000006f2a900000]
Native frames: (J=compiled Java code, j=interpreted, Vv=VM code, C=native code)
V  [jvm.dll+0x683b4a]
V  [jvm.dll+0x842654]
V  [jvm.dll+0x843dfe]
V  [jvm.dll+0x844463]
V  [jvm.dll+0x249b75]
V  [jvm.dll+0xabecc]
V  [jvm.dll+0xac27c]
V  [jvm.dll+0x11f188]
V  [jvm.dll+0x21bb5e]
V  [jvm.dll+0x6a6dff]
V  [jvm.dll+0x21d6c4]
V  [jvm.dll+0x21b51b]
V  [jvm.dll+0x1a4fdd]
V  [jvm.dll+0x22b098]
V  [jvm.dll+0x229159]
V  [jvm.dll+0x7f809c]
V  [jvm.dll+0x7f25fa]
V  [jvm.dll+0x682985]
C  [ucrtbase.dll+0x26c0c]
C  [KERNEL32.DLL+0x15590]
C  [ntdll.dll+0x485b]


---------------  P R O C E S S  ---------------

Threads class SMR info:
_java_thread_list=0x000002083463e5e0, length=89, elements={
0x000002081076e7e0, 0x00000208298ede20, 0x00000208298ee9d0, 0x000002082a442690,
0x000002082a444f60, 0x000002082a445820, 0x000002082a4460e0, 0x000002082a446dc0,
0x000002082a44a010, 0x000002082a46f5e0, 0x000002082a5d19f0, 0x000002082a5d22d0,
0x000002082b437690, 0x000002082ba3fd60, 0x000002082b8cb8c0, 0x000002082b9a9410,
0x000002082cbfc8d0, 0x000002082c98d110, 0x000002082befe460, 0x000002082b928870,
0x000002082bbfacc0, 0x000002082d0433c0, 0x000002082d044230, 0x000002082d044700,
0x000002082d042550, 0x000002082d043d60, 0x000002082d042a20, 0x000002082d043890,
0x000002082d044bd0, 0x000002082d042ef0, 0x000002082d0450a0, 0x000002082d045a40,
0x000002082f132830, 0x000002082f134eb0, 0x000002082f132d00, 0x000002082f1336a0,
0x000002082f12e9a0, 0x000002082f1301b0, 0x000002082f131020, 0x000002082f133b70,
0x000002082f134040, 0x000002082f130680, 0x000002082f1349e0, 0x000002082f135380,
0x000002082f134510, 0x000002082f1314f0, 0x000002082f12db30, 0x000002082f12e000,
0x000002082f12ee70, 0x000002082f12e4d0, 0x000002082f1319c0, 0x000002082f12f340,
0x000002082f12f810, 0x000002082f12fce0, 0x000002082ff0cfa0, 0x000002082ff05750,
0x000002082ff08770, 0x000002082ff08c40, 0x000002082ff0a450, 0x000002082ff0a920,
0x000002082ff065c0, 0x000002082ff0b2c0, 0x000002082ff0adf0, 0x000002082ff0cad0,
0x000002082ff05c20, 0x000002082ff0b790, 0x000002082ff060f0, 0x000002082ff06a90,
0x000002082ff0bc60, 0x000002082ff09110, 0x000002082ff095e0, 0x000002082ff09ab0,
0x000002082ff0c130, 0x000002082ff06f60, 0x000002082ff09f80, 0x000002082ff07430,
0x000002082ff0c600, 0x000002082ff07900, 0x000002082ff07dd0, 0x000002082a73d830,
0x000002082a73feb0, 0x000002082a740850, 0x000002082a7433a0, 0x000002082a73c9c0,
0x000002082a743870, 0x000002082a73eb70, 0x000002082a740d20, 0x000002082a743d40,
0x000002082a744210
}

Java Threads: ( => current thread )
  0x000002081076e7e0 JavaThread "main" [_thread_blocked, id=6184, stack(0x0000006f29b00000,0x0000006f29c00000)]
  0x00000208298ede20 JavaThread "Reference Handler" daemon [_thread_blocked, id=11396, stack(0x0000006f2a200000,0x0000006f2a300000)]
  0x00000208298ee9d0 JavaThread "Finalizer" daemon [_thread_blocked, id=11816, stack(0x0000006f2a300000,0x0000006f2a400000)]
  0x000002082a442690 JavaThread "Signal Dispatcher" daemon [_thread_blocked, id=7692, stack(0x0000006f2a400000,0x0000006f2a500000)]
  0x000002082a444f60 JavaThread "Attach Listener" daemon [_thread_blocked, id=2428, stack(0x0000006f2a500000,0x0000006f2a600000)]
  0x000002082a445820 JavaThread "Service Thread" daemon [_thread_blocked, id=7424, stack(0x0000006f2a600000,0x0000006f2a700000)]
  0x000002082a4460e0 JavaThread "Monitor Deflation Thread" daemon [_thread_blocked, id=12928, stack(0x0000006f2a700000,0x0000006f2a800000)]
=>0x000002082a446dc0 JavaThread "C2 CompilerThread0" daemon [_thread_in_native, id=6176, stack(0x0000006f2a800000,0x0000006f2a900000)]
  0x000002082a44a010 JavaThread "C1 CompilerThread0" daemon [_thread_blocked, id=9396, stack(0x0000006f2a900000,0x0000006f2aa00000)]
  0x000002082a46f5e0 JavaThread "Sweeper thread" daemon [_thread_blocked, id=10396, stack(0x0000006f2aa00000,0x0000006f2ab00000)]
  0x000002082a5d19f0 JavaThread "Common-Cleaner" daemon [_thread_blocked, id=4912, stack(0x0000006f2ab00000,0x0000006f2ac00000)]
  0x000002082a5d22d0 JavaThread "Notification Thread" daemon [_thread_blocked, id=9784, stack(0x0000006f2ac00000,0x0000006f2ad00000)]
  0x000002082b437690 JavaThread "Daemon health stats" [_thread_blocked, id=10684, stack(0x0000006f2b200000,0x0000006f2b300000)]
  0x000002082ba3fd60 JavaThread "Incoming local TCP Connector on port 53829" [_thread_in_native, id=5032, stack(0x0000006f2ae00000,0x0000006f2af00000)]
  0x000002082b8cb8c0 JavaThread "Daemon periodic checks" [_thread_blocked, id=9652, stack(0x0000006f2b300000,0x0000006f2b400000)]
  0x000002082b9a9410 JavaThread "Daemon" [_thread_blocked, id=1508, stack(0x0000006f2b400000,0x0000006f2b500000)]
  0x000002082cbfc8d0 JavaThread "Handler for socket connection from /127.0.0.1:53829 to /127.0.0.1:53830" [_thread_in_native, id=10996, stack(0x0000006f2b500000,0x0000006f2b600000)]
  0x000002082c98d110 JavaThread "Cancel handler" [_thread_blocked, id=11480, stack(0x0000006f2b600000,0x0000006f2b700000)]
  0x000002082befe460 JavaThread "Daemon worker" [_thread_blocked, id=1740, stack(0x0000006f2b700000,0x0000006f2b800000)]
  0x000002082b928870 JavaThread "Asynchronous log dispatcher for DefaultDaemonConnection: socket connection from /127.0.0.1:53829 to /127.0.0.1:53830" [_thread_blocked, id=9208, stack(0x0000006f2b800000,0x0000006f2b900000)]
  0x000002082bbfacc0 JavaThread "Stdin handler" [_thread_blocked, id=2032, stack(0x0000006f2b900000,0x0000006f2ba00000)]
  0x000002082d0433c0 JavaThread "Daemon client event forwarder" [_thread_blocked, id=3304, stack(0x0000006f2ba00000,0x0000006f2bb00000)]
  0x000002082d044230 JavaThread "Cache worker for journal cache (C:\Users\acer\.gradle\caches\journal-1)" [_thread_blocked, id=5928, stack(0x0000006f2bb00000,0x0000006f2bc00000)]
  0x000002082d044700 JavaThread "File lock request listener" [_thread_in_native, id=12952, stack(0x0000006f2bc00000,0x0000006f2bd00000)]
  0x000002082d042550 JavaThread "Cache worker for file hash cache (C:\Users\acer\.gradle\caches\7.5\fileHashes)" [_thread_blocked, id=2108, stack(0x0000006f2bd00000,0x0000006f2be00000)]
  0x000002082d043d60 JavaThread "File watcher server" daemon [_thread_in_native, id=3836, stack(0x0000006f2bf00000,0x0000006f2c000000)]
  0x000002082d042a20 JavaThread "File watcher consumer" daemon [_thread_blocked, id=8216, stack(0x0000006f2c000000,0x0000006f2c100000)]
  0x000002082d043890 JavaThread "Cache worker for checksums cache (D:\flutter projets\ESPcode_fluttercode\projetagri\android\.gradle\7.5\checksums)" [_thread_blocked, id=3740, stack(0x0000006f2c100000,0x0000006f2c200000)]
  0x000002082d044bd0 JavaThread "Cache worker for cache directory md-rule (C:\Users\acer\.gradle\caches\7.5\md-rule)" [_thread_blocked, id=3128, stack(0x0000006f2c200000,0x0000006f2c300000)]
  0x000002082d042ef0 JavaThread "Cache worker for file content cache (C:\Users\acer\.gradle\caches\7.5\fileContent)" [_thread_blocked, id=11224, stack(0x0000006f2c300000,0x0000006f2c400000)]
  0x000002082d0450a0 JavaThread "Cache worker for file hash cache (D:\flutter projets\ESPcode_fluttercode\projetagri\android\.gradle\7.5\fileHashes)" [_thread_blocked, id=7700, stack(0x0000006f2c700000,0x0000006f2c800000)]
  0x000002082d045a40 JavaThread "Cache worker for cache directory md-supplier (C:\Users\acer\.gradle\caches\7.5\md-supplier)" [_thread_blocked, id=12560, stack(0x0000006f2c800000,0x0000006f2c900000)]
  0x000002082f132830 JavaThread "Cache worker for execution history cache (C:\Users\acer\.gradle\caches\7.5\executionHistory)" [_thread_blocked, id=5972, stack(0x0000006f2c900000,0x0000006f2ca00000)]
  0x000002082f134eb0 JavaThread "jar transforms" [_thread_blocked, id=4492, stack(0x0000006f2be00000,0x0000006f2bf00000)]
  0x000002082f132d00 JavaThread "jar transforms Thread 2" [_thread_blocked, id=7128, stack(0x0000006f2ca00000,0x0000006f2cb00000)]
  0x000002082f1336a0 JavaThread "jar transforms Thread 3" [_thread_blocked, id=10220, stack(0x0000006f2cb00000,0x0000006f2cc00000)]
  0x000002082f12e9a0 JavaThread "jar transforms Thread 4" [_thread_blocked, id=7548, stack(0x0000006f2cc00000,0x0000006f2cd00000)]
  0x000002082f1301b0 JavaThread "Cache worker for dependencies-accessors (D:\flutter projets\ESPcode_fluttercode\projetagri\android\.gradle\7.5\dependencies-accessors)" [_thread_blocked, id=8488, stack(0x0000006f2ce00000,0x0000006f2cf00000)]
  0x000002082f131020 JavaThread "Cache worker for Build Output Cleanup Cache (D:\flutter projets\ESPcode_fluttercode\projetagri\android\.gradle\buildOutputCleanup)" [_thread_blocked, id=10668, stack(0x0000006f2cd00000,0x0000006f2ce00000)]
  0x000002082f133b70 JavaThread "Unconstrained build operations" [_thread_blocked, id=3748, stack(0x0000006f2d000000,0x0000006f2d100000)]
  0x000002082f134040 JavaThread "Unconstrained build operations Thread 2" [_thread_blocked, id=4596, stack(0x0000006f2d100000,0x0000006f2d200000)]
  0x000002082f130680 JavaThread "Unconstrained build operations Thread 3" [_thread_blocked, id=12540, stack(0x0000006f2d200000,0x0000006f2d300000)]
  0x000002082f1349e0 JavaThread "Unconstrained build operations Thread 4" [_thread_blocked, id=8652, stack(0x0000006f2d300000,0x0000006f2d400000)]
  0x000002082f135380 JavaThread "Unconstrained build operations Thread 5" [_thread_blocked, id=1132, stack(0x0000006f2d400000,0x0000006f2d500000)]
  0x000002082f134510 JavaThread "Unconstrained build operations Thread 6" [_thread_blocked, id=11136, stack(0x0000006f2d500000,0x0000006f2d600000)]
  0x000002082f1314f0 JavaThread "Unconstrained build operations Thread 7" [_thread_blocked, id=9880, stack(0x0000006f2d600000,0x0000006f2d700000)]
  0x000002082f12db30 JavaThread "Unconstrained build operations Thread 8" [_thread_blocked, id=8412, stack(0x0000006f2d700000,0x0000006f2d800000)]
  0x000002082f12e000 JavaThread "Unconstrained build operations Thread 9" [_thread_blocked, id=4216, stack(0x0000006f2d800000,0x0000006f2d900000)]
  0x000002082f12ee70 JavaThread "Unconstrained build operations Thread 10" [_thread_blocked, id=9928, stack(0x0000006f2d900000,0x0000006f2da00000)]
  0x000002082f12e4d0 JavaThread "Unconstrained build operations Thread 11" [_thread_blocked, id=5704, stack(0x0000006f2da00000,0x0000006f2db00000)]
  0x000002082f1319c0 JavaThread "Unconstrained build operations Thread 12" [_thread_blocked, id=7488, stack(0x0000006f2db00000,0x0000006f2dc00000)]
  0x000002082f12f340 JavaThread "Unconstrained build operations Thread 13" [_thread_blocked, id=7840, stack(0x0000006f2dc00000,0x0000006f2dd00000)]
  0x000002082f12f810 JavaThread "Unconstrained build operations Thread 14" [_thread_blocked, id=1800, stack(0x0000006f2dd00000,0x0000006f2de00000)]
  0x000002082f12fce0 JavaThread "Unconstrained build operations Thread 15" [_thread_blocked, id=11976, stack(0x0000006f2de00000,0x0000006f2df00000)]
  0x000002082ff0cfa0 JavaThread "Unconstrained build operations Thread 16" [_thread_blocked, id=12356, stack(0x0000006f2df00000,0x0000006f2e000000)]
  0x000002082ff05750 JavaThread "Unconstrained build operations Thread 17" [_thread_blocked, id=5048, stack(0x0000006f2e000000,0x0000006f2e100000)]
  0x000002082ff08770 JavaThread "Unconstrained build operations Thread 18" [_thread_blocked, id=8624, stack(0x0000006f2e100000,0x0000006f2e200000)]
  0x000002082ff08c40 JavaThread "Unconstrained build operations Thread 19" [_thread_blocked, id=7580, stack(0x0000006f2e200000,0x0000006f2e300000)]
  0x000002082ff0a450 JavaThread "Unconstrained build operations Thread 20" [_thread_blocked, id=7552, stack(0x0000006f2e300000,0x0000006f2e400000)]
  0x000002082ff0a920 JavaThread "Unconstrained build operations Thread 21" [_thread_blocked, id=1664, stack(0x0000006f2e400000,0x0000006f2e500000)]
  0x000002082ff065c0 JavaThread "Unconstrained build operations Thread 22" [_thread_blocked, id=5588, stack(0x0000006f2e500000,0x0000006f2e600000)]
  0x000002082ff0b2c0 JavaThread "Unconstrained build operations Thread 23" [_thread_blocked, id=9280, stack(0x0000006f2e600000,0x0000006f2e700000)]
  0x000002082ff0adf0 JavaThread "Unconstrained build operations Thread 24" [_thread_blocked, id=6728, stack(0x0000006f2e700000,0x0000006f2e800000)]
  0x000002082ff0cad0 JavaThread "Unconstrained build operations Thread 25" [_thread_blocked, id=8408, stack(0x0000006f2e800000,0x0000006f2e900000)]
  0x000002082ff05c20 JavaThread "Unconstrained build operations Thread 26" [_thread_blocked, id=13032, stack(0x0000006f2e900000,0x0000006f2ea00000)]
  0x000002082ff0b790 JavaThread "Unconstrained build operations Thread 27" [_thread_blocked, id=1236, stack(0x0000006f2ea00000,0x0000006f2eb00000)]
  0x000002082ff060f0 JavaThread "Unconstrained build operations Thread 28" [_thread_blocked, id=10900, stack(0x0000006f2eb00000,0x0000006f2ec00000)]
  0x000002082ff06a90 JavaThread "Unconstrained build operations Thread 29" [_thread_blocked, id=12804, stack(0x0000006f2ec00000,0x0000006f2ed00000)]
  0x000002082ff0bc60 JavaThread "Unconstrained build operations Thread 30" [_thread_blocked, id=1620, stack(0x0000006f2ed00000,0x0000006f2ee00000)]
  0x000002082ff09110 JavaThread "Unconstrained build operations Thread 31" [_thread_blocked, id=11476, stack(0x0000006f2ee00000,0x0000006f2ef00000)]
  0x000002082ff095e0 JavaThread "Unconstrained build operations Thread 32" [_thread_blocked, id=9916, stack(0x0000006f2ef00000,0x0000006f2f000000)]
  0x000002082ff09ab0 JavaThread "Unconstrained build operations Thread 33" [_thread_blocked, id=8072, stack(0x0000006f2f000000,0x0000006f2f100000)]
  0x000002082ff0c130 JavaThread "Unconstrained build operations Thread 34" [_thread_blocked, id=2220, stack(0x0000006f2f100000,0x0000006f2f200000)]
  0x000002082ff06f60 JavaThread "Unconstrained build operations Thread 35" [_thread_blocked, id=12780, stack(0x0000006f2f200000,0x0000006f2f300000)]
  0x000002082ff09f80 JavaThread "Unconstrained build operations Thread 36" [_thread_blocked, id=9508, stack(0x0000006f2f300000,0x0000006f2f400000)]
  0x000002082ff07430 JavaThread "Unconstrained build operations Thread 37" [_thread_blocked, id=4828, stack(0x0000006f2f400000,0x0000006f2f500000)]
  0x000002082ff0c600 JavaThread "Unconstrained build operations Thread 38" [_thread_blocked, id=11404, stack(0x0000006f2f500000,0x0000006f2f600000)]
  0x000002082ff07900 JavaThread "Unconstrained build operations Thread 39" [_thread_blocked, id=8476, stack(0x0000006f2f600000,0x0000006f2f700000)]
  0x000002082ff07dd0 JavaThread "Unconstrained build operations Thread 40" [_thread_blocked, id=10564, stack(0x0000006f2f700000,0x0000006f2f800000)]
  0x000002082a73d830 JavaThread "Memory manager" [_thread_blocked, id=6988, stack(0x0000006f2f800000,0x0000006f2f900000)]
  0x000002082a73feb0 JavaThread "Cache worker for kotlin-dsl (C:\Users\acer\.gradle\caches\7.5\kotlin-dsl)" [_thread_blocked, id=632, stack(0x0000006f2f900000,0x0000006f2fa00000)]
  0x000002082a740850 JavaThread "included builds" [_thread_blocked, id=6476, stack(0x0000006f2cf00000,0x0000006f2d000000)]
  0x000002082a7433a0 JavaThread "Execution worker" [_thread_blocked, id=5660, stack(0x0000006f2fc00000,0x0000006f2fd00000)]
  0x000002082a73c9c0 JavaThread "Execution worker Thread 2" [_thread_blocked, id=3452, stack(0x0000006f2fd00000,0x0000006f2fe00000)]
  0x000002082a743870 JavaThread "Execution worker Thread 3" [_thread_blocked, id=1724, stack(0x0000006f2fe00000,0x0000006f2ff00000)]
  0x000002082a73eb70 JavaThread "Cache worker for execution history cache (D:\flutter projets\ESPcode_fluttercode\projetagri\android\.gradle\7.5\executionHistory)" [_thread_blocked, id=10164, stack(0x0000006f2ff00000,0x0000006f30000000)]
  0x000002082a740d20 JavaThread "Exec process" [_thread_in_native, id=8920, stack(0x0000006f30000000,0x0000006f30100000)]
  0x000002082a743d40 JavaThread "Exec process Thread 2" [_thread_in_native, id=10484, stack(0x0000006f30100000,0x0000006f30200000)]
  0x000002082a744210 JavaThread "Exec process Thread 3" [_thread_in_native, id=12416, stack(0x0000006f30200000,0x0000006f30300000)]

Other Threads:
  0x00000208298ea040 VMThread "VM Thread" [stack: 0x0000006f2a100000,0x0000006f2a200000] [id=11484]
  0x000002082a5d27a0 WatcherThread [stack: 0x0000006f2ad00000,0x0000006f2ae00000] [id=1376]
  0x000002081293e3d0 GCTaskThread "GC Thread#0" [stack: 0x0000006f29c00000,0x0000006f29d00000] [id=11388]
  0x000002082a901a80 GCTaskThread "GC Thread#1" [stack: 0x0000006f2af00000,0x0000006f2b000000] [id=5264]
  0x000002082a7ef0e0 GCTaskThread "GC Thread#2" [stack: 0x0000006f2b000000,0x0000006f2b100000] [id=10344]
  0x000002082a7ef390 GCTaskThread "GC Thread#3" [stack: 0x0000006f2b100000,0x0000006f2b200000] [id=7880]
  0x0000020812947470 ConcurrentGCThread "G1 Main Marker" [stack: 0x0000006f29d00000,0x0000006f29e00000] [id=9076]
  0x0000020812947e80 ConcurrentGCThread "G1 Conc#0" [stack: 0x0000006f29e00000,0x0000006f29f00000] [id=5024]
  0x00000208297464e0 ConcurrentGCThread "G1 Refine#0" [stack: 0x0000006f29f00000,0x0000006f2a000000] [id=8316]
  0x000002082f2b55f0 ConcurrentGCThread "G1 Refine#1" [stack: 0x0000006f2c400000,0x0000006f2c500000] [id=11744]
  0x000002082e98b870 ConcurrentGCThread "G1 Refine#2" [stack: 0x0000006f2c500000,0x0000006f2c600000] [id=7428]
  0x000002082cdd8050 ConcurrentGCThread "G1 Refine#3" [stack: 0x0000006f2c600000,0x0000006f2c700000] [id=10044]
  0x0000020829746e10 ConcurrentGCThread "G1 Service" [stack: 0x0000006f2a000000,0x0000006f2a100000] [id=11448]

Threads with active compile tasks:
C2 CompilerThread0    82542 13988       4       org.gradle.internal.logging.text.AbstractLineChoppingStyledTextOutput::doAppend (43 bytes)

VM state: not at safepoint (normal execution)

VM Mutex/Monitor currently owned by a thread: None

Heap address: 0x00000000c0000000, size: 1024 MB, Compressed Oops mode: 32-bit

CDS archive(s) not mapped
Compressed class space mapped at: 0x0000000100000000-0x0000000140000000, reserved size: 1073741824
Narrow klass base: 0x0000000000000000, Narrow klass shift: 3, Narrow klass range: 0x140000000

GC Precious Log:
 CPUs: 4 total, 4 available
 Memory: 8091M
 Large Page Support: Disabled
 NUMA Support: Disabled
 Compressed Oops: Enabled (32-bit)
 Heap Region Size: 1M
 Heap Min Capacity: 256M
 Heap Initial Capacity: 256M
 Heap Max Capacity: 1G
 Pre-touch: Disabled
 Parallel Workers: 4
 Concurrent Workers: 1
 Concurrent Refinement Workers: 4
 Periodic GC: Disabled

Heap:
 garbage-first heap   total 281600K, used 167936K [0x00000000c0000000, 0x0000000100000000)
  region size 1024K, 14 young (14336K), 8 survivors (8192K)
 Metaspace       used 95418K, committed 96512K, reserved 1138688K
  class space    used 13009K, committed 13440K, reserved 1048576K

Heap Regions: E=young(eden), S=young(survivor), O=old, HS=humongous(starts), HC=humongous(continues), CS=collection set, F=free, OA=open archive, CA=closed archive, TAMS=top-at-mark-start (previous, next)
|   0|0x00000000c0000000, 0x00000000c0100000, 0x00000000c0100000|100%|HS|  |TAMS 0x00000000c0100000, 0x00000000c0000000| Complete 
|   1|0x00000000c0100000, 0x00000000c0200000, 0x00000000c0200000|100%|HC|  |TAMS 0x00000000c0200000, 0x00000000c0100000| Complete 
|   2|0x00000000c0200000, 0x00000000c0300000, 0x00000000c0300000|100%|HC|  |TAMS 0x00000000c0300000, 0x00000000c0200000| Complete 
|   3|0x00000000c0300000, 0x00000000c0400000, 0x00000000c0400000|100%| O|  |TAMS 0x00000000c0400000, 0x00000000c0300000| Untracked 
|   4|0x00000000c0400000, 0x00000000c0500000, 0x00000000c0500000|100%|HS|  |TAMS 0x00000000c0500000, 0x00000000c0400000| Complete 
|   5|0x00000000c0500000, 0x00000000c0600000, 0x00000000c0600000|100%| O|  |TAMS 0x00000000c0600000, 0x00000000c0500000| Untracked 
|   6|0x00000000c0600000, 0x00000000c0700000, 0x00000000c0700000|100%| O|  |TAMS 0x00000000c0700000, 0x00000000c0600000| Untracked 
|   7|0x00000000c0700000, 0x00000000c0800000, 0x00000000c0800000|100%| O|  |TAMS 0x00000000c0800000, 0x00000000c0700000| Untracked 
|   8|0x00000000c0800000, 0x00000000c0900000, 0x00000000c0900000|100%| O|  |TAMS 0x00000000c0900000, 0x00000000c0800000| Untracked 
|   9|0x00000000c0900000, 0x00000000c0a00000, 0x00000000c0a00000|100%| O|  |TAMS 0x00000000c0a00000, 0x00000000c0900000| Untracked 
|  10|0x00000000c0a00000, 0x00000000c0b00000, 0x00000000c0b00000|100%| O|  |TAMS 0x00000000c0b00000, 0x00000000c0a00000| Untracked 
|  11|0x00000000c0b00000, 0x00000000c0c00000, 0x00000000c0c00000|100%| O|  |TAMS 0x00000000c0c00000, 0x00000000c0b00000| Untracked 
|  12|0x00000000c0c00000, 0x00000000c0d00000, 0x00000000c0d00000|100%| O|  |TAMS 0x00000000c0d00000, 0x00000000c0c00000| Untracked 
|  13|0x00000000c0d00000, 0x00000000c0e00000, 0x00000000c0e00000|100%| O|  |TAMS 0x00000000c0e00000, 0x00000000c0d00000| Untracked 
|  14|0x00000000c0e00000, 0x00000000c0f00000, 0x00000000c0f00000|100%| O|  |TAMS 0x00000000c0f00000, 0x00000000c0e00000| Untracked 
|  15|0x00000000c0f00000, 0x00000000c1000000, 0x00000000c1000000|100%| O|  |TAMS 0x00000000c1000000, 0x00000000c0f00000| Untracked 
|  16|0x00000000c1000000, 0x00000000c1100000, 0x00000000c1100000|100%| O|  |TAMS 0x00000000c1100000, 0x00000000c1000000| Untracked 
|  17|0x00000000c1100000, 0x00000000c1200000, 0x00000000c1200000|100%| O|  |TAMS 0x00000000c1200000, 0x00000000c1100000| Untracked 
|  18|0x00000000c1200000, 0x00000000c1300000, 0x00000000c1300000|100%| O|  |TAMS 0x00000000c1300000, 0x00000000c1200000| Untracked 
|  19|0x00000000c1300000, 0x00000000c1400000, 0x00000000c1400000|100%| O|  |TAMS 0x00000000c1400000, 0x00000000c1300000| Untracked 
|  20|0x00000000c1400000, 0x00000000c1500000, 0x00000000c1500000|100%| O|  |TAMS 0x00000000c1500000, 0x00000000c1400000| Untracked 
|  21|0x00000000c1500000, 0x00000000c1600000, 0x00000000c1600000|100%|HS|  |TAMS 0x00000000c1600000, 0x00000000c1500000| Complete 
|  22|0x00000000c1600000, 0x00000000c1700000, 0x00000000c1700000|100%|HS|  |TAMS 0x00000000c1700000, 0x00000000c1600000| Complete 
|  23|0x00000000c1700000, 0x00000000c1800000, 0x00000000c1800000|100%|HS|  |TAMS 0x00000000c1800000, 0x00000000c1700000| Complete 
|  24|0x00000000c1800000, 0x00000000c1900000, 0x00000000c1900000|100%|HC|  |TAMS 0x00000000c1900000, 0x00000000c1800000| Complete 
|  25|0x00000000c1900000, 0x00000000c1a00000, 0x00000000c1a00000|100%|HC|  |TAMS 0x00000000c1a00000, 0x00000000c1900000| Complete 
|  26|0x00000000c1a00000, 0x00000000c1b00000, 0x00000000c1b00000|100%| O|  |TAMS 0x00000000c1b00000, 0x00000000c1a00000| Untracked 
|  27|0x00000000c1b00000, 0x00000000c1c00000, 0x00000000c1c00000|100%|HS|  |TAMS 0x00000000c1c00000, 0x00000000c1b00000| Complete 
|  28|0x00000000c1c00000, 0x00000000c1d00000, 0x00000000c1d00000|100%|HC|  |TAMS 0x00000000c1d00000, 0x00000000c1c00000| Complete 
|  29|0x00000000c1d00000, 0x00000000c1e00000, 0x00000000c1e00000|100%| O|  |TAMS 0x00000000c1e00000, 0x00000000c1d00000| Complete 
|  30|0x00000000c1e00000, 0x00000000c1f00000, 0x00000000c1f00000|100%| O|  |TAMS 0x00000000c1f00000, 0x00000000c1e00000| Untracked 
|  31|0x00000000c1f00000, 0x00000000c2000000, 0x00000000c2000000|100%| O|  |TAMS 0x00000000c2000000, 0x00000000c1f00000| Untracked 
|  32|0x00000000c2000000, 0x00000000c2100000, 0x00000000c2100000|100%| O|  |TAMS 0x00000000c2100000, 0x00000000c2000000| Untracked 
|  33|0x00000000c2100000, 0x00000000c2200000, 0x00000000c2200000|100%| O|  |TAMS 0x00000000c2200000, 0x00000000c2100000| Untracked 
|  34|0x00000000c2200000, 0x00000000c2300000, 0x00000000c2300000|100%| O|  |TAMS 0x00000000c2300000, 0x00000000c2200000| Untracked 
|  35|0x00000000c2300000, 0x00000000c2400000, 0x00000000c2400000|100%| O|  |TAMS 0x00000000c2400000, 0x00000000c2300000| Untracked 
|  36|0x00000000c2400000, 0x00000000c2500000, 0x00000000c2500000|100%| O|  |TAMS 0x00000000c2500000, 0x00000000c2400000| Untracked 
|  37|0x00000000c2500000, 0x00000000c2600000, 0x00000000c2600000|100%| O|  |TAMS 0x00000000c2600000, 0x00000000c2500000| Untracked 
|  38|0x00000000c2600000, 0x00000000c2700000, 0x00000000c2700000|100%| O|  |TAMS 0x00000000c2700000, 0x00000000c2600000| Untracked 
|  39|0x00000000c2700000, 0x00000000c2800000, 0x00000000c2800000|100%| O|  |TAMS 0x00000000c2800000, 0x00000000c2700000| Untracked 
|  40|0x00000000c2800000, 0x00000000c2900000, 0x00000000c2900000|100%| O|  |TAMS 0x00000000c2900000, 0x00000000c2800000| Untracked 
|  41|0x00000000c2900000, 0x00000000c2a00000, 0x00000000c2a00000|100%| O|  |TAMS 0x00000000c2a00000, 0x00000000c2900000| Untracked 
|  42|0x00000000c2a00000, 0x00000000c2b00000, 0x00000000c2b00000|100%| O|  |TAMS 0x00000000c2b00000, 0x00000000c2a00000| Untracked 
|  43|0x00000000c2b00000, 0x00000000c2c00000, 0x00000000c2c00000|100%| O|  |TAMS 0x00000000c2c00000, 0x00000000c2b00000| Untracked 
|  44|0x00000000c2c00000, 0x00000000c2d00000, 0x00000000c2d00000|100%| O|  |TAMS 0x00000000c2d00000, 0x00000000c2c00000| Untracked 
|  45|0x00000000c2d00000, 0x00000000c2e00000, 0x00000000c2e00000|100%| O|  |TAMS 0x00000000c2e00000, 0x00000000c2d00000| Untracked 
|  46|0x00000000c2e00000, 0x00000000c2f00000, 0x00000000c2f00000|100%| O|  |TAMS 0x00000000c2f00000, 0x00000000c2e00000| Untracked 
|  47|0x00000000c2f00000, 0x00000000c3000000, 0x00000000c3000000|100%| O|  |TAMS 0x00000000c3000000, 0x00000000c2f00000| Untracked 
|  48|0x00000000c3000000, 0x00000000c3100000, 0x00000000c3100000|100%| O|  |TAMS 0x00000000c3100000, 0x00000000c3000000| Untracked 
|  49|0x00000000c3100000, 0x00000000c3200000, 0x00000000c3200000|100%| O|  |TAMS 0x00000000c3200000, 0x00000000c3100000| Untracked 
|  50|0x00000000c3200000, 0x00000000c3300000, 0x00000000c3300000|100%| O|  |TAMS 0x00000000c3300000, 0x00000000c3200000| Untracked 
|  51|0x00000000c3300000, 0x00000000c3400000, 0x00000000c3400000|100%| O|  |TAMS 0x00000000c3400000, 0x00000000c3300000| Untracked 
|  52|0x00000000c3400000, 0x00000000c3500000, 0x00000000c3500000|100%| O|  |TAMS 0x00000000c3500000, 0x00000000c3400000| Untracked 
|  53|0x00000000c3500000, 0x00000000c3600000, 0x00000000c3600000|100%| O|  |TAMS 0x00000000c3600000, 0x00000000c3500000| Untracked 
|  54|0x00000000c3600000, 0x00000000c3700000, 0x00000000c3700000|100%| O|  |TAMS 0x00000000c3700000, 0x00000000c3600000| Untracked 
|  55|0x00000000c3700000, 0x00000000c3800000, 0x00000000c3800000|100%| O|  |TAMS 0x00000000c3800000, 0x00000000c3700000| Untracked 
|  56|0x00000000c3800000, 0x00000000c3900000, 0x00000000c3900000|100%| O|  |TAMS 0x00000000c3900000, 0x00000000c3800000| Untracked 
|  57|0x00000000c3900000, 0x00000000c3a00000, 0x00000000c3a00000|100%| O|  |TAMS 0x00000000c3a00000, 0x00000000c3900000| Untracked 
|  58|0x00000000c3a00000, 0x00000000c3b00000, 0x00000000c3b00000|100%|HS|  |TAMS 0x00000000c3b00000, 0x00000000c3a00000| Complete 
|  59|0x00000000c3b00000, 0x00000000c3c00000, 0x00000000c3c00000|100%|HS|  |TAMS 0x00000000c3c00000, 0x00000000c3b00000| Complete 
|  60|0x00000000c3c00000, 0x00000000c3d00000, 0x00000000c3d00000|100%|HS|  |TAMS 0x00000000c3d00000, 0x00000000c3c00000| Complete 
|  61|0x00000000c3d00000, 0x00000000c3e00000, 0x00000000c3e00000|100%|HS|  |TAMS 0x00000000c3e00000, 0x00000000c3d00000| Complete 
|  62|0x00000000c3e00000, 0x00000000c3f00000, 0x00000000c3f00000|100%|HS|  |TAMS 0x00000000c3f00000, 0x00000000c3e00000| Complete 
|  63|0x00000000c3f00000, 0x00000000c4000000, 0x00000000c4000000|100%|HC|  |TAMS 0x00000000c4000000, 0x00000000c3f00000| Complete 
|  64|0x00000000c4000000, 0x00000000c4100000, 0x00000000c4100000|100%|HC|  |TAMS 0x00000000c4100000, 0x00000000c4000000| Complete 
|  65|0x00000000c4100000, 0x00000000c4200000, 0x00000000c4200000|100%|HS|  |TAMS 0x00000000c4200000, 0x00000000c4100000| Complete 
|  66|0x00000000c4200000, 0x00000000c4300000, 0x00000000c4300000|100%|HS|  |TAMS 0x00000000c4300000, 0x00000000c4200000| Complete 
|  67|0x00000000c4300000, 0x00000000c4400000, 0x00000000c4400000|100%| O|  |TAMS 0x00000000c4400000, 0x00000000c4300000| Untracked 
|  68|0x00000000c4400000, 0x00000000c4500000, 0x00000000c4500000|100%| O|  |TAMS 0x00000000c4500000, 0x00000000c4400000| Untracked 
|  69|0x00000000c4500000, 0x00000000c4600000, 0x00000000c4600000|100%| O|  |TAMS 0x00000000c4600000, 0x00000000c4500000| Untracked 
|  70|0x00000000c4600000, 0x00000000c4700000, 0x00000000c4700000|100%| O|  |TAMS 0x00000000c4700000, 0x00000000c4600000| Untracked 
|  71|0x00000000c4700000, 0x00000000c4800000, 0x00000000c4800000|100%| O|  |TAMS 0x00000000c4800000, 0x00000000c4700000| Untracked 
|  72|0x00000000c4800000, 0x00000000c4900000, 0x00000000c4900000|100%| O|  |TAMS 0x00000000c4900000, 0x00000000c4800000| Untracked 
|  73|0x00000000c4900000, 0x00000000c4a00000, 0x00000000c4a00000|100%| O|  |TAMS 0x00000000c4a00000, 0x00000000c4900000| Untracked 
|  74|0x00000000c4a00000, 0x00000000c4b00000, 0x00000000c4b00000|100%| O|  |TAMS 0x00000000c4b00000, 0x00000000c4a00000| Untracked 
|  75|0x00000000c4b00000, 0x00000000c4c00000, 0x00000000c4c00000|100%| O|  |TAMS 0x00000000c4c00000, 0x00000000c4b00000| Untracked 
|  76|0x00000000c4c00000, 0x00000000c4d00000, 0x00000000c4d00000|100%| O|  |TAMS 0x00000000c4d00000, 0x00000000c4c00000| Untracked 
|  77|0x00000000c4d00000, 0x00000000c4e00000, 0x00000000c4e00000|100%| O|  |TAMS 0x00000000c4e00000, 0x00000000c4d00000| Untracked 
|  78|0x00000000c4e00000, 0x00000000c4f00000, 0x00000000c4f00000|100%| O|  |TAMS 0x00000000c4f00000, 0x00000000c4e00000| Untracked 
|  79|0x00000000c4f00000, 0x00000000c5000000, 0x00000000c5000000|100%| O|  |TAMS 0x00000000c5000000, 0x00000000c4f00000| Untracked 
|  80|0x00000000c5000000, 0x00000000c5100000, 0x00000000c5100000|100%| O|  |TAMS 0x00000000c5100000, 0x00000000c5000000| Untracked 
|  81|0x00000000c5100000, 0x00000000c5200000, 0x00000000c5200000|100%| O|  |TAMS 0x00000000c5200000, 0x00000000c5100000| Untracked 
|  82|0x00000000c5200000, 0x00000000c5300000, 0x00000000c5300000|100%| O|  |TAMS 0x00000000c5300000, 0x00000000c5200000| Untracked 
|  83|0x00000000c5300000, 0x00000000c5400000, 0x00000000c5400000|100%| O|  |TAMS 0x00000000c5400000, 0x00000000c5300000| Untracked 
|  84|0x00000000c5400000, 0x00000000c5500000, 0x00000000c5500000|100%| O|  |TAMS 0x00000000c5500000, 0x00000000c5400000| Untracked 
|  85|0x00000000c5500000, 0x00000000c5600000, 0x00000000c5600000|100%| O|  |TAMS 0x00000000c5600000, 0x00000000c5500000| Untracked 
|  86|0x00000000c5600000, 0x00000000c5700000, 0x00000000c5700000|100%| O|  |TAMS 0x00000000c5700000, 0x00000000c5600000| Untracked 
|  87|0x00000000c5700000, 0x00000000c5800000, 0x00000000c5800000|100%| O|  |TAMS 0x00000000c5800000, 0x00000000c5700000| Untracked 
|  88|0x00000000c5800000, 0x00000000c5900000, 0x00000000c5900000|100%| O|  |TAMS 0x00000000c5900000, 0x00000000c5800000| Untracked 
|  89|0x00000000c5900000, 0x00000000c5a00000, 0x00000000c5a00000|100%| O|  |TAMS 0x00000000c5a00000, 0x00000000c5900000| Untracked 
|  90|0x00000000c5a00000, 0x00000000c5b00000, 0x00000000c5b00000|100%| O|  |TAMS 0x00000000c5b00000, 0x00000000c5a00000| Untracked 
|  91|0x00000000c5b00000, 0x00000000c5c00000, 0x00000000c5c00000|100%| O|  |TAMS 0x00000000c5c00000, 0x00000000c5b00000| Untracked 
|  92|0x00000000c5c00000, 0x00000000c5d00000, 0x00000000c5d00000|100%| O|  |TAMS 0x00000000c5d00000, 0x00000000c5c00000| Untracked 
|  93|0x00000000c5d00000, 0x00000000c5e00000, 0x00000000c5e00000|100%| O|  |TAMS 0x00000000c5e00000, 0x00000000c5d00000| Untracked 
|  94|0x00000000c5e00000, 0x00000000c5f00000, 0x00000000c5f00000|100%| O|  |TAMS 0x00000000c5f00000, 0x00000000c5e00000| Untracked 
|  95|0x00000000c5f00000, 0x00000000c6000000, 0x00000000c6000000|100%| O|  |TAMS 0x00000000c6000000, 0x00000000c5f00000| Untracked 
|  96|0x00000000c6000000, 0x00000000c6100000, 0x00000000c6100000|100%| O|  |TAMS 0x00000000c6100000, 0x00000000c6000000| Untracked 
|  97|0x00000000c6100000, 0x00000000c6200000, 0x00000000c6200000|100%| O|  |TAMS 0x00000000c6200000, 0x00000000c6100000| Untracked 
|  98|0x00000000c6200000, 0x00000000c6300000, 0x00000000c6300000|100%| O|  |TAMS 0x00000000c6300000, 0x00000000c6200000| Untracked 
|  99|0x00000000c6300000, 0x00000000c6400000, 0x00000000c6400000|100%| O|  |TAMS 0x00000000c6400000, 0x00000000c6300000| Untracked 
| 100|0x00000000c6400000, 0x00000000c6500000, 0x00000000c6500000|100%| O|  |TAMS 0x00000000c6500000, 0x00000000c6400000| Untracked 
| 101|0x00000000c6500000, 0x00000000c6600000, 0x00000000c6600000|100%| O|  |TAMS 0x00000000c6600000, 0x00000000c6500000| Untracked 
| 102|0x00000000c6600000, 0x00000000c6700000, 0x00000000c6700000|100%| O|  |TAMS 0x00000000c6700000, 0x00000000c6600000| Untracked 
| 103|0x00000000c6700000, 0x00000000c6800000, 0x00000000c6800000|100%| O|  |TAMS 0x00000000c6800000, 0x00000000c6700000| Untracked 
| 104|0x00000000c6800000, 0x00000000c6900000, 0x00000000c6900000|100%| O|  |TAMS 0x00000000c6900000, 0x00000000c6800000| Untracked 
| 105|0x00000000c6900000, 0x00000000c6a00000, 0x00000000c6a00000|100%| O|  |TAMS 0x00000000c6a00000, 0x00000000c6900000| Untracked 
| 106|0x00000000c6a00000, 0x00000000c6b00000, 0x00000000c6b00000|100%| O|  |TAMS 0x00000000c6b00000, 0x00000000c6a00000| Untracked 
| 107|0x00000000c6b00000, 0x00000000c6c00000, 0x00000000c6c00000|100%| O|  |TAMS 0x00000000c6c00000, 0x00000000c6b00000| Untracked 
| 108|0x00000000c6c00000, 0x00000000c6d00000, 0x00000000c6d00000|100%| O|  |TAMS 0x00000000c6d00000, 0x00000000c6c00000| Untracked 
| 109|0x00000000c6d00000, 0x00000000c6e00000, 0x00000000c6e00000|100%| O|  |TAMS 0x00000000c6e00000, 0x00000000c6d00000| Untracked 
| 110|0x00000000c6e00000, 0x00000000c6f00000, 0x00000000c6f00000|100%| O|  |TAMS 0x00000000c6f00000, 0x00000000c6e00000| Untracked 
| 111|0x00000000c6f00000, 0x00000000c7000000, 0x00000000c7000000|100%| O|  |TAMS 0x00000000c7000000, 0x00000000c6f00000| Untracked 
| 112|0x00000000c7000000, 0x00000000c7100000, 0x00000000c7100000|100%| O|  |TAMS 0x00000000c7100000, 0x00000000c7000000| Untracked 
| 113|0x00000000c7100000, 0x00000000c7200000, 0x00000000c7200000|100%| O|  |TAMS 0x00000000c7200000, 0x00000000c7100000| Untracked 
| 114|0x00000000c7200000, 0x00000000c7300000, 0x00000000c7300000|100%| O|  |TAMS 0x00000000c7300000, 0x00000000c7200000| Untracked 
| 115|0x00000000c7300000, 0x00000000c7400000, 0x00000000c7400000|100%| O|  |TAMS 0x00000000c7400000, 0x00000000c7300000| Untracked 
| 116|0x00000000c7400000, 0x00000000c7500000, 0x00000000c7500000|100%| O|  |TAMS 0x00000000c7500000, 0x00000000c7400000| Untracked 
| 117|0x00000000c7500000, 0x00000000c7600000, 0x00000000c7600000|100%| O|  |TAMS 0x00000000c7600000, 0x00000000c7500000| Untracked 
| 118|0x00000000c7600000, 0x00000000c7700000, 0x00000000c7700000|100%| O|  |TAMS 0x00000000c7700000, 0x00000000c7600000| Untracked 
| 119|0x00000000c7700000, 0x00000000c7800000, 0x00000000c7800000|100%| O|  |TAMS 0x00000000c7800000, 0x00000000c7700000| Untracked 
| 120|0x00000000c7800000, 0x00000000c7900000, 0x00000000c7900000|100%| O|  |TAMS 0x00000000c7900000, 0x00000000c7800000| Untracked 
| 121|0x00000000c7900000, 0x00000000c7a00000, 0x00000000c7a00000|100%| O|  |TAMS 0x00000000c7a00000, 0x00000000c7900000| Untracked 
| 122|0x00000000c7a00000, 0x00000000c7b00000, 0x00000000c7b00000|100%| O|  |TAMS 0x00000000c7b00000, 0x00000000c7a00000| Untracked 
| 123|0x00000000c7b00000, 0x00000000c7c00000, 0x00000000c7c00000|100%| O|  |TAMS 0x00000000c7c00000, 0x00000000c7b00000| Untracked 
| 124|0x00000000c7c00000, 0x00000000c7d00000, 0x00000000c7d00000|100%| O|  |TAMS 0x00000000c7d00000, 0x00000000c7c00000| Untracked 
| 125|0x00000000c7d00000, 0x00000000c7e00000, 0x00000000c7e00000|100%| O|  |TAMS 0x00000000c7e00000, 0x00000000c7d00000| Untracked 
| 126|0x00000000c7e00000, 0x00000000c7f00000, 0x00000000c7f00000|100%| O|  |TAMS 0x00000000c7f00000, 0x00000000c7e00000| Untracked 
| 127|0x00000000c7f00000, 0x00000000c8000000, 0x00000000c8000000|100%| O|  |TAMS 0x00000000c8000000, 0x00000000c7f00000| Untracked 
| 128|0x00000000c8000000, 0x00000000c8100000, 0x00000000c8100000|100%| O|  |TAMS 0x00000000c8100000, 0x00000000c8000000| Untracked 
| 129|0x00000000c8100000, 0x00000000c8200000, 0x00000000c8200000|100%| O|  |TAMS 0x00000000c8200000, 0x00000000c8100000| Untracked 
| 130|0x00000000c8200000, 0x00000000c8300000, 0x00000000c8300000|100%| O|  |TAMS 0x00000000c8300000, 0x00000000c8200000| Untracked 
| 131|0x00000000c8300000, 0x00000000c8400000, 0x00000000c8400000|100%| O|  |TAMS 0x00000000c8400000, 0x00000000c8300000| Untracked 
| 132|0x00000000c8400000, 0x00000000c8500000, 0x00000000c8500000|100%| O|  |TAMS 0x00000000c8500000, 0x00000000c8400000| Untracked 
| 133|0x00000000c8500000, 0x00000000c8600000, 0x00000000c8600000|100%| O|  |TAMS 0x00000000c8600000, 0x00000000c8500000| Untracked 
| 134|0x00000000c8600000, 0x00000000c8700000, 0x00000000c8700000|100%| O|  |TAMS 0x00000000c8700000, 0x00000000c8600000| Untracked 
| 135|0x00000000c8700000, 0x00000000c8800000, 0x00000000c8800000|100%| O|  |TAMS 0x00000000c8800000, 0x00000000c8700000| Untracked 
| 136|0x00000000c8800000, 0x00000000c8900000, 0x00000000c8900000|100%| O|  |TAMS 0x00000000c8900000, 0x00000000c8800000| Untracked 
| 137|0x00000000c8900000, 0x00000000c8a00000, 0x00000000c8a00000|100%| O|  |TAMS 0x00000000c8a00000, 0x00000000c8900000| Untracked 
| 138|0x00000000c8a00000, 0x00000000c8b00000, 0x00000000c8b00000|100%| O|  |TAMS 0x00000000c8b00000, 0x00000000c8a00000| Untracked 
| 139|0x00000000c8b00000, 0x00000000c8c00000, 0x00000000c8c00000|100%| O|  |TAMS 0x00000000c8c00000, 0x00000000c8b00000| Untracked 
| 140|0x00000000c8c00000, 0x00000000c8d00000, 0x00000000c8d00000|100%| O|  |TAMS 0x00000000c8c80000, 0x00000000c8c00000| Untracked 
| 141|0x00000000c8d00000, 0x00000000c8e00000, 0x00000000c8e00000|100%| O|  |TAMS 0x00000000c8d00000, 0x00000000c8d00000| Untracked 
| 142|0x00000000c8e00000, 0x00000000c8f00000, 0x00000000c8f00000|100%| O|  |TAMS 0x00000000c8e00000, 0x00000000c8e00000| Untracked 
| 143|0x00000000c8f00000, 0x00000000c9000000, 0x00000000c9000000|100%| O|  |TAMS 0x00000000c8f00000, 0x00000000c8f00000| Untracked 
| 144|0x00000000c9000000, 0x00000000c9100000, 0x00000000c9100000|100%| O|  |TAMS 0x00000000c9000000, 0x00000000c9000000| Untracked 
| 145|0x00000000c9100000, 0x00000000c9200000, 0x00000000c9200000|100%| O|  |TAMS 0x00000000c9100000, 0x00000000c9100000| Untracked 
| 146|0x00000000c9200000, 0x00000000c9300000, 0x00000000c9300000|100%| O|  |TAMS 0x00000000c9200000, 0x00000000c9200000| Untracked 
| 147|0x00000000c9300000, 0x00000000c9400000, 0x00000000c9400000|100%| O|  |TAMS 0x00000000c9300000, 0x00000000c9300000| Untracked 
| 148|0x00000000c9400000, 0x00000000c9500000, 0x00000000c9500000|100%| O|  |TAMS 0x00000000c9400000, 0x00000000c9400000| Untracked 
| 149|0x00000000c9500000, 0x00000000c9600000, 0x00000000c9600000|100%| O|  |TAMS 0x00000000c9500000, 0x00000000c9500000| Untracked 
| 150|0x00000000c9600000, 0x00000000c9700000, 0x00000000c9700000|100%| O|  |TAMS 0x00000000c9600000, 0x00000000c9600000| Untracked 
| 151|0x00000000c9700000, 0x00000000c9700000, 0x00000000c9800000|  0%| F|  |TAMS 0x00000000c9700000, 0x00000000c9700000| Untracked 
| 152|0x00000000c9800000, 0x00000000c9800000, 0x00000000c9900000|  0%| F|  |TAMS 0x00000000c9800000, 0x00000000c9800000| Untracked 
| 153|0x00000000c9900000, 0x00000000c9900000, 0x00000000c9a00000|  0%| F|  |TAMS 0x00000000c9900000, 0x00000000c9900000| Untracked 
| 154|0x00000000c9a00000, 0x00000000c9a00000, 0x00000000c9b00000|  0%| F|  |TAMS 0x00000000c9a00000, 0x00000000c9a00000| Untracked 
| 155|0x00000000c9b00000, 0x00000000c9b00000, 0x00000000c9c00000|  0%| F|  |TAMS 0x00000000c9b00000, 0x00000000c9b00000| Untracked 
| 156|0x00000000c9c00000, 0x00000000c9c00000, 0x00000000c9d00000|  0%| F|  |TAMS 0x00000000c9c00000, 0x00000000c9c00000| Untracked 
| 157|0x00000000c9d00000, 0x00000000c9d00000, 0x00000000c9e00000|  0%| F|  |TAMS 0x00000000c9d00000, 0x00000000c9d00000| Untracked 
| 158|0x00000000c9e00000, 0x00000000c9e00000, 0x00000000c9f00000|  0%| F|  |TAMS 0x00000000c9e00000, 0x00000000c9e00000| Untracked 
| 159|0x00000000c9f00000, 0x00000000c9f00000, 0x00000000ca000000|  0%| F|  |TAMS 0x00000000c9f00000, 0x00000000c9f00000| Untracked 
| 160|0x00000000ca000000, 0x00000000ca000000, 0x00000000ca100000|  0%| F|  |TAMS 0x00000000ca000000, 0x00000000ca000000| Untracked 
| 161|0x00000000ca100000, 0x00000000ca100000, 0x00000000ca200000|  0%| F|  |TAMS 0x00000000ca100000, 0x00000000ca100000| Untracked 
| 162|0x00000000ca200000, 0x00000000ca200000, 0x00000000ca300000|  0%| F|  |TAMS 0x00000000ca200000, 0x00000000ca200000| Untracked 
| 163|0x00000000ca300000, 0x00000000ca300000, 0x00000000ca400000|  0%| F|  |TAMS 0x00000000ca300000, 0x00000000ca300000| Untracked 
| 164|0x00000000ca400000, 0x00000000ca400000, 0x00000000ca500000|  0%| F|  |TAMS 0x00000000ca400000, 0x00000000ca400000| Untracked 
| 165|0x00000000ca500000, 0x00000000ca500000, 0x00000000ca600000|  0%| F|  |TAMS 0x00000000ca500000, 0x00000000ca500000| Untracked 
| 166|0x00000000ca600000, 0x00000000ca600000, 0x00000000ca700000|  0%| F|  |TAMS 0x00000000ca600000, 0x00000000ca600000| Untracked 
| 167|0x00000000ca700000, 0x00000000ca700000, 0x00000000ca800000|  0%| F|  |TAMS 0x00000000ca700000, 0x00000000ca700000| Untracked 
| 168|0x00000000ca800000, 0x00000000ca800000, 0x00000000ca900000|  0%| F|  |TAMS 0x00000000ca800000, 0x00000000ca800000| Untracked 
| 169|0x00000000ca900000, 0x00000000ca900000, 0x00000000caa00000|  0%| F|  |TAMS 0x00000000ca900000, 0x00000000ca900000| Untracked 
| 170|0x00000000caa00000, 0x00000000caa00000, 0x00000000cab00000|  0%| F|  |TAMS 0x00000000caa00000, 0x00000000caa00000| Untracked 
| 171|0x00000000cab00000, 0x00000000cab00000, 0x00000000cac00000|  0%| F|  |TAMS 0x00000000cab00000, 0x00000000cab00000| Untracked 
| 172|0x00000000cac00000, 0x00000000cac00000, 0x00000000cad00000|  0%| F|  |TAMS 0x00000000cac00000, 0x00000000cac00000| Untracked 
| 173|0x00000000cad00000, 0x00000000cad00000, 0x00000000cae00000|  0%| F|  |TAMS 0x00000000cad00000, 0x00000000cad00000| Untracked 
| 174|0x00000000cae00000, 0x00000000cae00000, 0x00000000caf00000|  0%| F|  |TAMS 0x00000000cae00000, 0x00000000cae00000| Untracked 
| 175|0x00000000caf00000, 0x00000000caf00000, 0x00000000cb000000|  0%| F|  |TAMS 0x00000000caf00000, 0x00000000caf00000| Untracked 
| 176|0x00000000cb000000, 0x00000000cb000000, 0x00000000cb100000|  0%| F|  |TAMS 0x00000000cb000000, 0x00000000cb000000| Untracked 
| 177|0x00000000cb100000, 0x00000000cb100000, 0x00000000cb200000|  0%| F|  |TAMS 0x00000000cb100000, 0x00000000cb100000| Untracked 
| 178|0x00000000cb200000, 0x00000000cb200000, 0x00000000cb300000|  0%| F|  |TAMS 0x00000000cb200000, 0x00000000cb200000| Untracked 
| 179|0x00000000cb300000, 0x00000000cb300000, 0x00000000cb400000|  0%| F|  |TAMS 0x00000000cb300000, 0x00000000cb300000| Untracked 
| 180|0x00000000cb400000, 0x00000000cb400000, 0x00000000cb500000|  0%| F|  |TAMS 0x00000000cb400000, 0x00000000cb400000| Untracked 
| 181|0x00000000cb500000, 0x00000000cb500000, 0x00000000cb600000|  0%| F|  |TAMS 0x00000000cb500000, 0x00000000cb500000| Untracked 
| 182|0x00000000cb600000, 0x00000000cb600000, 0x00000000cb700000|  0%| F|  |TAMS 0x00000000cb600000, 0x00000000cb600000| Untracked 
| 183|0x00000000cb700000, 0x00000000cb700000, 0x00000000cb800000|  0%| F|  |TAMS 0x00000000cb700000, 0x00000000cb700000| Untracked 
| 184|0x00000000cb800000, 0x00000000cb800000, 0x00000000cb900000|  0%| F|  |TAMS 0x00000000cb800000, 0x00000000cb800000| Untracked 
| 185|0x00000000cb900000, 0x00000000cb900000, 0x00000000cba00000|  0%| F|  |TAMS 0x00000000cb900000, 0x00000000cb900000| Untracked 
| 186|0x00000000cba00000, 0x00000000cba00000, 0x00000000cbb00000|  0%| F|  |TAMS 0x00000000cba00000, 0x00000000cba00000| Untracked 
| 187|0x00000000cbb00000, 0x00000000cbb00000, 0x00000000cbc00000|  0%| F|  |TAMS 0x00000000cbb00000, 0x00000000cbb00000| Untracked 
| 188|0x00000000cbc00000, 0x00000000cbc00000, 0x00000000cbd00000|  0%| F|  |TAMS 0x00000000cbc00000, 0x00000000cbc00000| Untracked 
| 189|0x00000000cbd00000, 0x00000000cbd00000, 0x00000000cbe00000|  0%| F|  |TAMS 0x00000000cbd00000, 0x00000000cbd00000| Untracked 
| 190|0x00000000cbe00000, 0x00000000cbe00000, 0x00000000cbf00000|  0%| F|  |TAMS 0x00000000cbe00000, 0x00000000cbe00000| Untracked 
| 191|0x00000000cbf00000, 0x00000000cbf00000, 0x00000000cc000000|  0%| F|  |TAMS 0x00000000cbf00000, 0x00000000cbf00000| Untracked 
| 192|0x00000000cc000000, 0x00000000cc000000, 0x00000000cc100000|  0%| F|  |TAMS 0x00000000cc000000, 0x00000000cc000000| Untracked 
| 193|0x00000000cc100000, 0x00000000cc100000, 0x00000000cc200000|  0%| F|  |TAMS 0x00000000cc100000, 0x00000000cc100000| Untracked 
| 194|0x00000000cc200000, 0x00000000cc200000, 0x00000000cc300000|  0%| F|  |TAMS 0x00000000cc200000, 0x00000000cc200000| Untracked 
| 195|0x00000000cc300000, 0x00000000cc300000, 0x00000000cc400000|  0%| F|  |TAMS 0x00000000cc300000, 0x00000000cc300000| Untracked 
| 196|0x00000000cc400000, 0x00000000cc400000, 0x00000000cc500000|  0%| F|  |TAMS 0x00000000cc400000, 0x00000000cc400000| Untracked 
| 197|0x00000000cc500000, 0x00000000cc500000, 0x00000000cc600000|  0%| F|  |TAMS 0x00000000cc500000, 0x00000000cc500000| Untracked 
| 198|0x00000000cc600000, 0x00000000cc700000, 0x00000000cc700000|100%| S|CS|TAMS 0x00000000cc600000, 0x00000000cc600000| Complete 
| 199|0x00000000cc700000, 0x00000000cc800000, 0x00000000cc800000|100%| S|CS|TAMS 0x00000000cc700000, 0x00000000cc700000| Complete 
| 200|0x00000000cc800000, 0x00000000cc900000, 0x00000000cc900000|100%| S|CS|TAMS 0x00000000cc800000, 0x00000000cc800000| Complete 
| 201|0x00000000cc900000, 0x00000000cca00000, 0x00000000cca00000|100%| S|CS|TAMS 0x00000000cc900000, 0x00000000cc900000| Complete 
| 202|0x00000000cca00000, 0x00000000ccb00000, 0x00000000ccb00000|100%| S|CS|TAMS 0x00000000cca00000, 0x00000000cca00000| Complete 
| 203|0x00000000ccb00000, 0x00000000ccc00000, 0x00000000ccc00000|100%| S|CS|TAMS 0x00000000ccb00000, 0x00000000ccb00000| Complete 
| 204|0x00000000ccc00000, 0x00000000ccd00000, 0x00000000ccd00000|100%| S|CS|TAMS 0x00000000ccc00000, 0x00000000ccc00000| Complete 
| 205|0x00000000ccd00000, 0x00000000cce00000, 0x00000000cce00000|100%| S|CS|TAMS 0x00000000ccd00000, 0x00000000ccd00000| Complete 
| 206|0x00000000cce00000, 0x00000000cce00000, 0x00000000ccf00000|  0%| F|  |TAMS 0x00000000cce00000, 0x00000000cce00000| Untracked 
| 207|0x00000000ccf00000, 0x00000000ccf00000, 0x00000000cd000000|  0%| F|  |TAMS 0x00000000ccf00000, 0x00000000ccf00000| Untracked 
| 208|0x00000000cd000000, 0x00000000cd000000, 0x00000000cd100000|  0%| F|  |TAMS 0x00000000cd000000, 0x00000000cd000000| Untracked 
| 209|0x00000000cd100000, 0x00000000cd100000, 0x00000000cd200000|  0%| F|  |TAMS 0x00000000cd100000, 0x00000000cd100000| Untracked 
| 210|0x00000000cd200000, 0x00000000cd200000, 0x00000000cd300000|  0%| F|  |TAMS 0x00000000cd200000, 0x00000000cd200000| Untracked 
| 211|0x00000000cd300000, 0x00000000cd300000, 0x00000000cd400000|  0%| F|  |TAMS 0x00000000cd300000, 0x00000000cd300000| Untracked 
| 212|0x00000000cd400000, 0x00000000cd400000, 0x00000000cd500000|  0%| F|  |TAMS 0x00000000cd400000, 0x00000000cd400000| Untracked 
| 213|0x00000000cd500000, 0x00000000cd500000, 0x00000000cd600000|  0%| F|  |TAMS 0x00000000cd500000, 0x00000000cd500000| Untracked 
| 214|0x00000000cd600000, 0x00000000cd600000, 0x00000000cd700000|  0%| F|  |TAMS 0x00000000cd600000, 0x00000000cd600000| Untracked 
| 215|0x00000000cd700000, 0x00000000cd700000, 0x00000000cd800000|  0%| F|  |TAMS 0x00000000cd700000, 0x00000000cd700000| Untracked 
| 216|0x00000000cd800000, 0x00000000cd800000, 0x00000000cd900000|  0%| F|  |TAMS 0x00000000cd800000, 0x00000000cd800000| Untracked 
| 217|0x00000000cd900000, 0x00000000cd900000, 0x00000000cda00000|  0%| F|  |TAMS 0x00000000cd900000, 0x00000000cd900000| Untracked 
| 218|0x00000000cda00000, 0x00000000cda00000, 0x00000000cdb00000|  0%| F|  |TAMS 0x00000000cda00000, 0x00000000cda00000| Untracked 
| 219|0x00000000cdb00000, 0x00000000cdb00000, 0x00000000cdc00000|  0%| F|  |TAMS 0x00000000cdb00000, 0x00000000cdb00000| Untracked 
| 220|0x00000000cdc00000, 0x00000000cdc00000, 0x00000000cdd00000|  0%| F|  |TAMS 0x00000000cdc00000, 0x00000000cdc00000| Untracked 
| 221|0x00000000cdd00000, 0x00000000cdd00000, 0x00000000cde00000|  0%| F|  |TAMS 0x00000000cdd00000, 0x00000000cdd00000| Untracked 
| 222|0x00000000cde00000, 0x00000000cde00000, 0x00000000cdf00000|  0%| F|  |TAMS 0x00000000cde00000, 0x00000000cde00000| Untracked 
| 223|0x00000000cdf00000, 0x00000000cdf00000, 0x00000000ce000000|  0%| F|  |TAMS 0x00000000cdf00000, 0x00000000cdf00000| Untracked 
| 224|0x00000000ce000000, 0x00000000ce000000, 0x00000000ce100000|  0%| F|  |TAMS 0x00000000ce000000, 0x00000000ce000000| Untracked 
| 225|0x00000000ce100000, 0x00000000ce100000, 0x00000000ce200000|  0%| F|  |TAMS 0x00000000ce100000, 0x00000000ce100000| Untracked 
| 226|0x00000000ce200000, 0x00000000ce200000, 0x00000000ce300000|  0%| F|  |TAMS 0x00000000ce200000, 0x00000000ce200000| Untracked 
| 227|0x00000000ce300000, 0x00000000ce300000, 0x00000000ce400000|  0%| F|  |TAMS 0x00000000ce300000, 0x00000000ce300000| Untracked 
| 228|0x00000000ce400000, 0x00000000ce400000, 0x00000000ce500000|  0%| F|  |TAMS 0x00000000ce400000, 0x00000000ce400000| Untracked 
| 229|0x00000000ce500000, 0x00000000ce500000, 0x00000000ce600000|  0%| F|  |TAMS 0x00000000ce500000, 0x00000000ce500000| Untracked 
| 230|0x00000000ce600000, 0x00000000ce600000, 0x00000000ce700000|  0%| F|  |TAMS 0x00000000ce600000, 0x00000000ce600000| Untracked 
| 231|0x00000000ce700000, 0x00000000ce700000, 0x00000000ce800000|  0%| F|  |TAMS 0x00000000ce700000, 0x00000000ce700000| Untracked 
| 232|0x00000000ce800000, 0x00000000ce800000, 0x00000000ce900000|  0%| F|  |TAMS 0x00000000ce800000, 0x00000000ce800000| Untracked 
| 233|0x00000000ce900000, 0x00000000ce900000, 0x00000000cea00000|  0%| F|  |TAMS 0x00000000ce900000, 0x00000000ce900000| Untracked 
| 234|0x00000000cea00000, 0x00000000cea00000, 0x00000000ceb00000|  0%| F|  |TAMS 0x00000000cea00000, 0x00000000cea00000| Untracked 
| 235|0x00000000ceb00000, 0x00000000ceb00000, 0x00000000cec00000|  0%| F|  |TAMS 0x00000000ceb00000, 0x00000000ceb00000| Untracked 
| 236|0x00000000cec00000, 0x00000000cec00000, 0x00000000ced00000|  0%| F|  |TAMS 0x00000000cec00000, 0x00000000cec00000| Untracked 
| 237|0x00000000ced00000, 0x00000000ced00000, 0x00000000cee00000|  0%| F|  |TAMS 0x00000000ced00000, 0x00000000ced00000| Untracked 
| 238|0x00000000cee00000, 0x00000000cee00000, 0x00000000cef00000|  0%| F|  |TAMS 0x00000000cee00000, 0x00000000cee00000| Untracked 
| 239|0x00000000cef00000, 0x00000000cef00000, 0x00000000cf000000|  0%| F|  |TAMS 0x00000000cef00000, 0x00000000cef00000| Untracked 
| 240|0x00000000cf000000, 0x00000000cf000000, 0x00000000cf100000|  0%| F|  |TAMS 0x00000000cf000000, 0x00000000cf000000| Untracked 
| 241|0x00000000cf100000, 0x00000000cf100000, 0x00000000cf200000|  0%| F|  |TAMS 0x00000000cf100000, 0x00000000cf100000| Untracked 
| 242|0x00000000cf200000, 0x00000000cf200000, 0x00000000cf300000|  0%| F|  |TAMS 0x00000000cf200000, 0x00000000cf200000| Untracked 
| 243|0x00000000cf300000, 0x00000000cf300000, 0x00000000cf400000|  0%| F|  |TAMS 0x00000000cf300000, 0x00000000cf300000| Untracked 
| 244|0x00000000cf400000, 0x00000000cf400000, 0x00000000cf500000|  0%| F|  |TAMS 0x00000000cf400000, 0x00000000cf400000| Untracked 
| 245|0x00000000cf500000, 0x00000000cf500000, 0x00000000cf600000|  0%| F|  |TAMS 0x00000000cf500000, 0x00000000cf500000| Untracked 
| 246|0x00000000cf600000, 0x00000000cf600000, 0x00000000cf700000|  0%| F|  |TAMS 0x00000000cf600000, 0x00000000cf600000| Untracked 
| 247|0x00000000cf700000, 0x00000000cf700000, 0x00000000cf800000|  0%| F|  |TAMS 0x00000000cf700000, 0x00000000cf700000| Untracked 
| 248|0x00000000cf800000, 0x00000000cf800000, 0x00000000cf900000|  0%| F|  |TAMS 0x00000000cf800000, 0x00000000cf800000| Untracked 
| 249|0x00000000cf900000, 0x00000000cf900000, 0x00000000cfa00000|  0%| F|  |TAMS 0x00000000cf900000, 0x00000000cf900000| Untracked 
| 250|0x00000000cfa00000, 0x00000000cfacf7d0, 0x00000000cfb00000| 81%| E|  |TAMS 0x00000000cfa00000, 0x00000000cfa00000| Complete 
| 251|0x00000000cfb00000, 0x00000000cfc00000, 0x00000000cfc00000|100%| E|CS|TAMS 0x00000000cfb00000, 0x00000000cfb00000| Complete 
| 252|0x00000000cfc00000, 0x00000000cfd00000, 0x00000000cfd00000|100%| E|CS|TAMS 0x00000000cfc00000, 0x00000000cfc00000| Complete 
| 253|0x00000000cfd00000, 0x00000000cfe00000, 0x00000000cfe00000|100%| E|CS|TAMS 0x00000000cfd00000, 0x00000000cfd00000| Complete 
| 254|0x00000000cfe00000, 0x00000000cff00000, 0x00000000cff00000|100%| E|CS|TAMS 0x00000000cfe00000, 0x00000000cfe00000| Complete 
| 255|0x00000000cff00000, 0x00000000d0000000, 0x00000000d0000000|100%| E|CS|TAMS 0x00000000cff00000, 0x00000000cff00000| Complete 
| 256|0x00000000d0000000, 0x00000000d0000000, 0x00000000d0100000|  0%| F|  |TAMS 0x00000000d0000000, 0x00000000d0000000| Untracked 
| 257|0x00000000d0100000, 0x00000000d0100000, 0x00000000d0200000|  0%| F|  |TAMS 0x00000000d0100000, 0x00000000d0100000| Untracked 
| 258|0x00000000d0200000, 0x00000000d0200000, 0x00000000d0300000|  0%| F|  |TAMS 0x00000000d0200000, 0x00000000d0200000| Untracked 
| 259|0x00000000d0300000, 0x00000000d0300000, 0x00000000d0400000|  0%| F|  |TAMS 0x00000000d0300000, 0x00000000d0300000| Untracked 
| 260|0x00000000d0400000, 0x00000000d0400000, 0x00000000d0500000|  0%| F|  |TAMS 0x00000000d0400000, 0x00000000d0400000| Untracked 
| 261|0x00000000d0500000, 0x00000000d0500000, 0x00000000d0600000|  0%| F|  |TAMS 0x00000000d0500000, 0x00000000d0500000| Untracked 
| 262|0x00000000d0600000, 0x00000000d0600000, 0x00000000d0700000|  0%| F|  |TAMS 0x00000000d0600000, 0x00000000d0600000| Untracked 
| 263|0x00000000d0700000, 0x00000000d0700000, 0x00000000d0800000|  0%| F|  |TAMS 0x00000000d0700000, 0x00000000d0700000| Untracked 
| 264|0x00000000d0800000, 0x00000000d0800000, 0x00000000d0900000|  0%| F|  |TAMS 0x00000000d0800000, 0x00000000d0800000| Untracked 
| 265|0x00000000d0900000, 0x00000000d0900000, 0x00000000d0a00000|  0%| F|  |TAMS 0x00000000d0900000, 0x00000000d0900000| Untracked 
| 266|0x00000000d0a00000, 0x00000000d0a00000, 0x00000000d0b00000|  0%| F|  |TAMS 0x00000000d0a00000, 0x00000000d0a00000| Untracked 
| 267|0x00000000d0b00000, 0x00000000d0b00000, 0x00000000d0c00000|  0%| F|  |TAMS 0x00000000d0b00000, 0x00000000d0b00000| Untracked 
| 268|0x00000000d0c00000, 0x00000000d0c00000, 0x00000000d0d00000|  0%| F|  |TAMS 0x00000000d0c00000, 0x00000000d0c00000| Untracked 
| 269|0x00000000d0d00000, 0x00000000d0d00000, 0x00000000d0e00000|  0%| F|  |TAMS 0x00000000d0d00000, 0x00000000d0d00000| Untracked 
| 270|0x00000000d0e00000, 0x00000000d0e00000, 0x00000000d0f00000|  0%| F|  |TAMS 0x00000000d0e00000, 0x00000000d0e00000| Untracked 
| 271|0x00000000d0f00000, 0x00000000d0f00000, 0x00000000d1000000|  0%| F|  |TAMS 0x00000000d0f00000, 0x00000000d0f00000| Untracked 
| 272|0x00000000d1000000, 0x00000000d1000000, 0x00000000d1100000|  0%| F|  |TAMS 0x00000000d1000000, 0x00000000d1000000| Untracked 
| 273|0x00000000d1100000, 0x00000000d1100000, 0x00000000d1200000|  0%| F|  |TAMS 0x00000000d1100000, 0x00000000d1100000| Untracked 
| 274|0x00000000d1200000, 0x00000000d1200000, 0x00000000d1300000|  0%| F|  |TAMS 0x00000000d1200000, 0x00000000d1200000| Untracked 

Card table byte_map: [0x0000020824fd0000,0x00000208251d0000] _byte_map_base: 0x00000208249d0000

Marking Bits (Prev, Next): (CMBitMap*) 0x000002081293e9e0, (CMBitMap*) 0x000002081293ea20
 Prev Bits: [0x00000208253d0000, 0x00000208263d0000)
 Next Bits: [0x00000208263d0000, 0x00000208273d0000)

Polling page: 0x00000208120d0000

Metaspace:

Usage:
  Non-class:     80.48 MB used.
      Class:     12.70 MB used.
       Both:     93.18 MB used.

Virtual space:
  Non-class space:       88.00 MB reserved,      81.12 MB ( 92%) committed,  11 nodes.
      Class space:        1.00 GB reserved,      13.12 MB (  1%) committed,  1 nodes.
             Both:        1.09 GB reserved,      94.25 MB (  8%) committed. 

Chunk freelists:
   Non-Class:  2.30 MB
       Class:  2.88 MB
        Both:  5.18 MB

MaxMetaspaceSize: unlimited
CompressedClassSpaceSize: 1.00 GB
Initial GC threshold: 21.00 MB
Current GC threshold: 157.00 MB
CDS: off
MetaspaceReclaimPolicy: balanced
 - commit_granule_bytes: 65536.
 - commit_granule_words: 8192.
 - virtual_space_node_default_size: 1048576.
 - enlarge_chunks_in_place: 1.
 - new_chunks_are_fully_committed: 0.
 - uncommit_free_chunks: 1.
 - use_allocation_guard: 0.
 - handle_deallocations: 1.


Internal statistics:

num_allocs_failed_limit: 15.
num_arena_births: 1326.
num_arena_deaths: 0.
num_vsnodes_births: 12.
num_vsnodes_deaths: 0.
num_space_committed: 1508.
num_space_uncommitted: 0.
num_chunks_returned_to_freelist: 15.
num_chunks_taken_from_freelist: 5132.
num_chunk_merges: 9.
num_chunk_splits: 3240.
num_chunks_enlarged: 1996.
num_purges: 0.
num_inconsistent_stats: 0.

CodeHeap 'non-profiled nmethods': size=120000Kb used=7764Kb max_used=7764Kb free=112235Kb
 bounds [0x000002081d8a0000, 0x000002081e040000, 0x0000020824dd0000]
CodeHeap 'profiled nmethods': size=120000Kb used=24570Kb max_used=24570Kb free=95429Kb
 bounds [0x0000020815dd0000, 0x00000208175d0000, 0x000002081d300000]
CodeHeap 'non-nmethods': size=5760Kb used=2383Kb max_used=2434Kb free=3376Kb
 bounds [0x000002081d300000, 0x000002081d570000, 0x000002081d8a0000]
 total_blobs=13279 nmethods=12361 adapters=830
 compilation: enabled
              stopped_count=0, restarted_count=0
 full_count=0

Compilation events (20 events):
Event: 72.628 Thread 0x000002082a44a010 nmethod 13978 0x00000208175ca190 code [0x00000208175ca3a0, 0x00000208175cab88]
Event: 74.427 Thread 0x000002082a44a010 13979       1       java.lang.management.MemoryUsage::getUsed (5 bytes)
Event: 74.427 Thread 0x000002082a44a010 nmethod 13979 0x000002081e033c90 code [0x000002081e033e20, 0x000002081e033ef8]
Event: 74.439 Thread 0x000002082a44a010 13980       3       org.gradle.internal.serialize.InputStreamBackedDecoder::readByte (13 bytes)
Event: 74.439 Thread 0x000002082a44a010 nmethod 13980 0x00000208175cad90 code [0x00000208175caf60, 0x00000208175cb298]
Event: 82.403 Thread 0x000002082a446dc0 13981       4       java.util.concurrent.locks.ReentrantLock$NonfairSync::tryAcquire (27 bytes)
Event: 82.406 Thread 0x000002082a446dc0 nmethod 13981 0x000002081e033f90 code [0x000002081e034100, 0x000002081e034258]
Event: 82.462 Thread 0x000002082a446dc0 13982       4       org.gradle.internal.logging.text.AbstractLineChoppingStyledTextOutput$1::execute (9 bytes)
Event: 82.463 Thread 0x000002082a44a010 13984       2       org.gradle.internal.logging.text.AbstractLineChoppingStyledTextOutput$2::execute (77 bytes)
Event: 82.463 Thread 0x000002082a44a010 nmethod 13984 0x00000208175cb410 code [0x00000208175cb620, 0x00000208175cba08]
Event: 82.464 Thread 0x000002082a44a010 13985       3       org.gradle.internal.io.LineBufferingOutputStream::write (59 bytes)
Event: 82.465 Thread 0x000002082a44a010 nmethod 13985 0x00000208175cbc90 code [0x00000208175cbf40, 0x00000208175ccd38]
Event: 82.465 Thread 0x000002082a44a010 13986       3       org.gradle.internal.io.StreamByteBuffer$StreamByteBufferOutputStream::write (22 bytes)
Event: 82.465 Thread 0x000002082a44a010 nmethod 13986 0x00000208175cd290 code [0x00000208175cd440, 0x00000208175cd618]
Event: 82.465 Thread 0x000002082a44a010 13987       3       org.gradle.internal.io.StreamByteBuffer$StreamByteBufferChunk::write (32 bytes)
Event: 82.466 Thread 0x000002082a44a010 nmethod 13987 0x00000208175cd790 code [0x00000208175cd940, 0x00000208175cdaf8]
Event: 82.467 Thread 0x000002082a44a010 13989       3       org.gradle.internal.logging.text.AbstractLineChoppingStyledTextOutput$StateContext::flushLineText (113 bytes)
Event: 82.468 Thread 0x000002082a44a010 nmethod 13989 0x00000208175cdc10 code [0x00000208175cdea0, 0x00000208175ce818]
Event: 82.474 Thread 0x000002082a446dc0 nmethod 13982 0x000002081e034310 code [0x000002081e0344e0, 0x000002081e034b68]
Event: 82.474 Thread 0x000002082a446dc0 13988       4       org.gradle.internal.logging.text.AbstractLineChoppingStyledTextOutput::doAppend (43 bytes)

GC Heap History (20 events):
Event: 8.953 GC heap before
{Heap before GC invocations=7 (full 0):
 garbage-first heap   total 262144K, used 41464K [0x00000000c0000000, 0x0000000100000000)
  region size 1024K, 22 young (22528K), 1 survivors (1024K)
 Metaspace       used 35828K, committed 36096K, reserved 1081344K
  class space    used 4744K, committed 4864K, reserved 1048576K
}
Event: 8.960 GC heap after
{Heap after GC invocations=8 (full 0):
 garbage-first heap   total 262144K, used 22731K [0x00000000c0000000, 0x0000000100000000)
  region size 1024K, 3 young (3072K), 3 survivors (3072K)
 Metaspace       used 35828K, committed 36096K, reserved 1081344K
  class space    used 4744K, committed 4864K, reserved 1048576K
}
Event: 15.195 GC heap before
{Heap before GC invocations=9 (full 0):
 garbage-first heap   total 262144K, used 179403K [0x00000000c0000000, 0x0000000100000000)
  region size 1024K, 153 young (156672K), 3 survivors (3072K)
 Metaspace       used 50367K, committed 50816K, reserved 1097728K
  class space    used 6595K, committed 6784K, reserved 1048576K
}
Event: 15.219 GC heap after
{Heap after GC invocations=10 (full 0):
 garbage-first heap   total 262144K, used 34104K [0x00000000c0000000, 0x0000000100000000)
  region size 1024K, 14 young (14336K), 14 survivors (14336K)
 Metaspace       used 50367K, committed 50816K, reserved 1097728K
  class space    used 6595K, committed 6784K, reserved 1048576K
}
Event: 21.301 GC heap before
{Heap before GC invocations=11 (full 0):
 garbage-first heap   total 262144K, used 190776K [0x00000000c0000000, 0x0000000100000000)
  region size 1024K, 153 young (156672K), 14 survivors (14336K)
 Metaspace       used 65962K, committed 66496K, reserved 1114112K
  class space    used 8587K, committed 8832K, reserved 1048576K
}
Event: 21.333 GC heap after
{Heap after GC invocations=12 (full 0):
 garbage-first heap   total 262144K, used 57215K [0x00000000c0000000, 0x0000000100000000)
  region size 1024K, 16 young (16384K), 16 survivors (16384K)
 Metaspace       used 65962K, committed 66496K, reserved 1114112K
  class space    used 8587K, committed 8832K, reserved 1048576K
}
Event: 26.196 GC heap before
{Heap before GC invocations=12 (full 0):
 garbage-first heap   total 262144K, used 192383K [0x00000000c0000000, 0x0000000100000000)
  region size 1024K, 147 young (150528K), 16 survivors (16384K)
 Metaspace       used 71134K, committed 71744K, reserved 1114112K
  class space    used 9350K, committed 9600K, reserved 1048576K
}
Event: 26.221 GC heap after
{Heap after GC invocations=13 (full 0):
 garbage-first heap   total 262144K, used 65948K [0x00000000c0000000, 0x0000000100000000)
  region size 1024K, 9 young (9216K), 9 survivors (9216K)
 Metaspace       used 71134K, committed 71744K, reserved 1114112K
  class space    used 9350K, committed 9600K, reserved 1048576K
}
Event: 31.931 GC heap before
{Heap before GC invocations=13 (full 0):
 garbage-first heap   total 262144K, used 199068K [0x00000000c0000000, 0x0000000100000000)
  region size 1024K, 139 young (142336K), 9 survivors (9216K)
 Metaspace       used 80207K, committed 80896K, reserved 1122304K
  class space    used 10852K, committed 11200K, reserved 1048576K
}
Event: 31.958 GC heap after
{Heap after GC invocations=14 (full 0):
 garbage-first heap   total 262144K, used 77824K [0x00000000c0000000, 0x0000000100000000)
  region size 1024K, 18 young (18432K), 18 survivors (18432K)
 Metaspace       used 80207K, committed 80896K, reserved 1122304K
  class space    used 10852K, committed 11200K, reserved 1048576K
}
Event: 45.324 GC heap before
{Heap before GC invocations=14 (full 0):
 garbage-first heap   total 262144K, used 212992K [0x00000000c0000000, 0x0000000100000000)
  region size 1024K, 142 young (145408K), 18 survivors (18432K)
 Metaspace       used 82919K, committed 83648K, reserved 1122304K
  class space    used 11207K, committed 11520K, reserved 1048576K
}
Event: 45.397 GC heap after
{Heap after GC invocations=15 (full 0):
 garbage-first heap   total 262144K, used 109347K [0x00000000c0000000, 0x0000000100000000)
  region size 1024K, 18 young (18432K), 18 survivors (18432K)
 Metaspace       used 82919K, committed 83648K, reserved 1122304K
  class space    used 11207K, committed 11520K, reserved 1048576K
}
Event: 50.669 GC heap before
{Heap before GC invocations=15 (full 0):
 garbage-first heap   total 262144K, used 192291K [0x00000000c0000000, 0x0000000100000000)
  region size 1024K, 101 young (103424K), 18 survivors (18432K)
 Metaspace       used 83841K, committed 84736K, reserved 1122304K
  class space    used 11323K, committed 11712K, reserved 1048576K
}
Event: 50.720 GC heap after
{Heap after GC invocations=16 (full 0):
 garbage-first heap   total 262144K, used 124928K [0x00000000c0000000, 0x0000000100000000)
  region size 1024K, 14 young (14336K), 14 survivors (14336K)
 Metaspace       used 83841K, committed 84736K, reserved 1122304K
  class space    used 11323K, committed 11712K, reserved 1048576K
}
Event: 53.394 GC heap before
{Heap before GC invocations=17 (full 0):
 garbage-first heap   total 262144K, used 203776K [0x00000000c0000000, 0x0000000100000000)
  region size 1024K, 91 young (93184K), 14 survivors (14336K)
 Metaspace       used 91384K, committed 92416K, reserved 1130496K
  class space    used 12421K, committed 12864K, reserved 1048576K
}
Event: 53.432 GC heap after
{Heap after GC invocations=18 (full 0):
 garbage-first heap   total 262144K, used 136192K [0x00000000c0000000, 0x0000000100000000)
  region size 1024K, 11 young (11264K), 11 survivors (11264K)
 Metaspace       used 91384K, committed 92416K, reserved 1130496K
  class space    used 12421K, committed 12864K, reserved 1048576K
}
Event: 55.618 GC heap before
{Heap before GC invocations=19 (full 0):
 garbage-first heap   total 262144K, used 206848K [0x00000000c0000000, 0x0000000100000000)
  region size 1024K, 80 young (81920K), 11 survivors (11264K)
 Metaspace       used 93158K, committed 94144K, reserved 1130496K
  class space    used 12632K, committed 13056K, reserved 1048576K
}
Event: 55.663 GC heap after
{Heap after GC invocations=20 (full 0):
 garbage-first heap   total 262144K, used 154112K [0x00000000c0000000, 0x0000000100000000)
  region size 1024K, 10 young (10240K), 10 survivors (10240K)
 Metaspace       used 93158K, committed 94144K, reserved 1130496K
  class space    used 12632K, committed 13056K, reserved 1048576K
}
Event: 57.387 GC heap before
{Heap before GC invocations=20 (full 0):
 garbage-first heap   total 262144K, used 205312K [0x00000000c0000000, 0x0000000100000000)
  region size 1024K, 60 young (61440K), 10 survivors (10240K)
 Metaspace       used 94917K, committed 96000K, reserved 1138688K
  class space    used 12917K, committed 13376K, reserved 1048576K
}
Event: 57.417 GC heap after
{Heap after GC invocations=21 (full 0):
 garbage-first heap   total 262144K, used 162816K [0x00000000c0000000, 0x0000000100000000)
  region size 1024K, 8 young (8192K), 8 survivors (8192K)
 Metaspace       used 94917K, committed 96000K, reserved 1138688K
  class space    used 12917K, committed 13376K, reserved 1048576K
}

Dll operation events (2 events):
Event: 0.012 Loaded shared library D:\Android Studio\jbr\bin\java.dll
Event: 1.182 Loaded shared library D:\Android Studio\jbr\bin\verify.dll

Deoptimization events (20 events):
Event: 82.454 Thread 0x000002082a743d40 Uncommon trap: trap_request=0xffffff45 fr.pc=0x000002081de5f3d8 relative=0x0000000000000058
Event: 82.454 Thread 0x000002082a743d40 Uncommon trap: reason=unstable_if action=reinterpret pc=0x000002081de5f3d8 method=org.gradle.internal.io.StreamByteBuffer.prepareRead()I @ 20 c2
Event: 82.454 Thread 0x000002082a743d40 DEOPT PACKING pc=0x000002081de5f3d8 sp=0x0000006f301fec90
Event: 82.454 Thread 0x000002082a743d40 DEOPT UNPACKING pc=0x000002081d3569a3 sp=0x0000006f301fec48 mode 2
Event: 82.461 Thread 0x000002082a743d40 Uncommon trap: trap_request=0xffffffc6 fr.pc=0x000002081de18130 relative=0x00000000000002d0
Event: 82.461 Thread 0x000002082a743d40 Uncommon trap: reason=bimorphic_or_optimized_type_check action=maybe_recompile pc=0x000002081de18130 method=org.gradle.internal.logging.sink.OutputEventRenderer.onOutput(Lorg/gradle/internal/logging/events/OutputEvent;)V @ 1 c2
Event: 82.461 Thread 0x000002082a743d40 DEOPT PACKING pc=0x000002081de18130 sp=0x0000006f301fec50
Event: 82.461 Thread 0x000002082a743d40 DEOPT UNPACKING pc=0x000002081d3569a3 sp=0x0000006f301fec08 mode 2
Event: 82.462 Thread 0x000002082a743d40 Uncommon trap: trap_request=0xffffffc6 fr.pc=0x000002081de18130 relative=0x00000000000002d0
Event: 82.462 Thread 0x000002082a743d40 Uncommon trap: reason=bimorphic_or_optimized_type_check action=maybe_recompile pc=0x000002081de18130 method=org.gradle.internal.logging.sink.OutputEventRenderer.onOutput(Lorg/gradle/internal/logging/events/OutputEvent;)V @ 1 c2
Event: 82.462 Thread 0x000002082a743d40 DEOPT PACKING pc=0x000002081de18130 sp=0x0000006f301fec50
Event: 82.462 Thread 0x000002082a743d40 DEOPT UNPACKING pc=0x000002081d3569a3 sp=0x0000006f301fec08 mode 2
Event: 82.465 Thread 0x000002082a743d40 Uncommon trap: trap_request=0xffffffc6 fr.pc=0x000002081de18130 relative=0x00000000000002d0
Event: 82.465 Thread 0x000002082a743d40 Uncommon trap: reason=bimorphic_or_optimized_type_check action=maybe_recompile pc=0x000002081de18130 method=org.gradle.internal.logging.sink.OutputEventRenderer.onOutput(Lorg/gradle/internal/logging/events/OutputEvent;)V @ 1 c2
Event: 82.465 Thread 0x000002082a743d40 DEOPT PACKING pc=0x000002081de18130 sp=0x0000006f301fec70
Event: 82.465 Thread 0x000002082a743d40 DEOPT UNPACKING pc=0x000002081d3569a3 sp=0x0000006f301fec28 mode 2
Event: 82.466 Thread 0x000002082a743d40 Uncommon trap: trap_request=0xffffffc6 fr.pc=0x000002081de18130 relative=0x00000000000002d0
Event: 82.466 Thread 0x000002082a743d40 Uncommon trap: reason=bimorphic_or_optimized_type_check action=maybe_recompile pc=0x000002081de18130 method=org.gradle.internal.logging.sink.OutputEventRenderer.onOutput(Lorg/gradle/internal/logging/events/OutputEvent;)V @ 1 c2
Event: 82.466 Thread 0x000002082a743d40 DEOPT PACKING pc=0x000002081de18130 sp=0x0000006f301fec70
Event: 82.466 Thread 0x000002082a743d40 DEOPT UNPACKING pc=0x000002081d3569a3 sp=0x0000006f301fec28 mode 2

Classes unloaded (0 events):
No events

Classes redefined (0 events):
No events

Internal exceptions (20 events):
Event: 57.550 Thread 0x000002082a740850 Exception <a 'java/lang/ClassNotFoundException'{0x00000000cfd90028}: org/gradle/process/internal/DefaultExecAction_DecoratedBeanInfo> (0x00000000cfd90028) 
thrown [s\src\hotspot\share\classfile\systemDictionary.cpp, line 256]
Event: 57.552 Thread 0x000002082a740850 Exception <a 'java/lang/ClassNotFoundException'{0x00000000cfda3478}: org/gradle/process/internal/DefaultExecActionBeanInfo> (0x00000000cfda3478) 
thrown [s\src\hotspot\share\classfile\systemDictionary.cpp, line 256]
Event: 57.553 Thread 0x000002082a740850 Exception <a 'java/lang/ClassNotFoundException'{0x00000000cfdb7768}: org/gradle/process/internal/DefaultExecHandleBuilderBeanInfo> (0x00000000cfdb7768) 
thrown [s\src\hotspot\share\classfile\systemDictionary.cpp, line 256]
Event: 57.554 Thread 0x000002082a740850 Exception <a 'java/lang/ClassNotFoundException'{0x00000000cfdcc018}: org/gradle/process/internal/AbstractExecHandleBuilderBeanInfo> (0x00000000cfdcc018) 
thrown [s\src\hotspot\share\classfile\systemDictionary.cpp, line 256]
Event: 57.556 Thread 0x000002082a740850 Exception <a 'java/lang/ClassNotFoundException'{0x00000000cfde0b20}: org/gradle/process/internal/DefaultProcessForkOptionsBeanInfo> (0x00000000cfde0b20) 
thrown [s\src\hotspot\share\classfile\systemDictionary.cpp, line 256]
Event: 57.557 Thread 0x000002082a740850 Exception <a 'java/lang/ClassNotFoundException'{0x00000000cfdf5708}: org/gradle/process/internal/DefaultProcessForkOptionsCustomizer> (0x00000000cfdf5708) 
thrown [s\src\hotspot\share\classfile\systemDictionary.cpp, line 256]
Event: 57.558 Thread 0x000002082a740850 Exception <a 'java/lang/ClassNotFoundException'{0x00000000cfc178b0}: org/gradle/process/internal/AbstractExecHandleBuilderCustomizer> (0x00000000cfc178b0) 
thrown [s\src\hotspot\share\classfile\systemDictionary.cpp, line 256]
Event: 57.560 Thread 0x000002082a740850 Exception <a 'java/lang/ClassNotFoundException'{0x00000000cfc3dc00}: org/gradle/process/internal/DefaultExecHandleBuilderCustomizer> (0x00000000cfc3dc00) 
thrown [s\src\hotspot\share\classfile\systemDictionary.cpp, line 256]
Event: 57.563 Thread 0x000002082a740850 Exception <a 'java/lang/ClassNotFoundException'{0x00000000cfc80148}: org/gradle/process/internal/DefaultExecActionCustomizer> (0x00000000cfc80148) 
thrown [s\src\hotspot\share\classfile\systemDictionary.cpp, line 256]
Event: 57.567 Thread 0x000002082a740850 Exception <a 'java/lang/ClassNotFoundException'{0x00000000cfc9da50}: org/gradle/process/internal/DefaultExecAction_DecoratedCustomizer> (0x00000000cfc9da50) 
thrown [s\src\hotspot\share\classfile\systemDictionary.cpp, line 256]
Event: 57.570 Thread 0x000002082a740850 Exception <a 'java/lang/ClassNotFoundException'{0x00000000cfcd92f8}: org/gradle/api/logging/LogLevelBeanInfo> (0x00000000cfcd92f8) 
thrown [s\src\hotspot\share\classfile\systemDictionary.cpp, line 256]
Event: 57.571 Thread 0x000002082a740850 Exception <a 'java/lang/ClassNotFoundException'{0x00000000cfcec260}: org/gradle/api/logging/LogLevelCustomizer> (0x00000000cfcec260) 
thrown [s\src\hotspot\share\classfile\systemDictionary.cpp, line 256]
Event: 57.575 Thread 0x000002082a740850 Exception <a 'java/lang/ClassNotFoundException'{0x00000000cfb361d0}: org/gradle/internal/logging/services/DefaultLoggingManagerBeanInfo> (0x00000000cfb361d0) 
thrown [s\src\hotspot\share\classfile\systemDictionary.cpp, line 256]
Event: 57.577 Thread 0x000002082a740850 Exception <a 'java/lang/ClassNotFoundException'{0x00000000cfb49b18}: org/gradle/internal/logging/services/DefaultLoggingManagerCustomizer> (0x00000000cfb49b18) 
thrown [s\src\hotspot\share\classfile\systemDictionary.cpp, line 256]
Event: 57.585 Thread 0x000002082a740850 Exception <a 'java/lang/ClassNotFoundException'{0x00000000cfb7c908}: java/lang/BooleanBeanInfo> (0x00000000cfb7c908) 
thrown [s\src\hotspot\share\classfile\systemDictionary.cpp, line 256]
Event: 57.585 Thread 0x000002082a740850 Exception <a 'java/lang/ClassNotFoundException'{0x00000000cfb84808}: java/lang/BooleanCustomizer> (0x00000000cfb84808) 
thrown [s\src\hotspot\share\classfile\systemDictionary.cpp, line 256]
Event: 57.650 Thread 0x000002082a740d20 Exception <a 'java/lang/NoSuchMethodError'{0x00000000cfbebc80}: 'void java.lang.invoke.DirectMethodHandle$Holder.invokeStatic(java.lang.Object, long)'> (0x00000000cfbebc80) 
thrown [s\src\hotspot\share\interpreter\linkResolver.cpp, line 771]
Event: 57.651 Thread 0x000002082a740d20 Exception <a 'java/lang/NoSuchMethodError'{0x00000000cfbf5060}: 'java.lang.Object java.lang.invoke.DirectMethodHandle$Holder.newInvokeSpecial(java.lang.Object, long)'> (0x00000000cfbf5060) 
thrown [s\src\hotspot\share\interpreter\linkResolver.cpp, line 771]
Event: 57.653 Thread 0x000002082a740d20 Exception <a 'java/lang/NoSuchMethodError'{0x00000000cfbfbbd8}: 'java.lang.Object java.lang.invoke.DirectMethodHandle$Holder.invokeStatic(java.lang.Object, java.lang.Object, long, java.lang.Object)'> (0x00000000cfbfbbd8) 
thrown [s\src\hotspot\share\interpreter\linkResolver.cpp, line 771]
Event: 57.653 Thread 0x000002082a740d20 Exception <a 'java/lang/NoSuchMethodError'{0x00000000cfbff670}: 'java.lang.Object java.lang.invoke.DirectMethodHandle$Holder.invokeStaticInit(java.lang.Object, java.lang.Object, long, java.lang.Object)'> (0x00000000cfbff670) 
thrown [s\src\hotspot\share\interpreter\linkResolver.cpp, line 771]

VM Operations (20 events):
Event: 57.441 Executing VM operation: HandshakeAllThreads
Event: 57.441 Executing VM operation: HandshakeAllThreads done
Event: 57.473 Executing VM operation: HandshakeAllThreads
Event: 57.473 Executing VM operation: HandshakeAllThreads done
Event: 57.676 Executing VM operation: HandshakeAllThreads
Event: 57.677 Executing VM operation: HandshakeAllThreads done
Event: 57.904 Executing VM operation: G1Concurrent
Event: 57.912 Executing VM operation: G1Concurrent done
Event: 58.121 Executing VM operation: G1Concurrent
Event: 58.121 Executing VM operation: G1Concurrent done
Event: 59.129 Executing VM operation: Cleanup
Event: 59.129 Executing VM operation: Cleanup done
Event: 65.163 Executing VM operation: Cleanup
Event: 65.164 Executing VM operation: Cleanup done
Event: 74.222 Executing VM operation: Cleanup
Event: 74.222 Executing VM operation: Cleanup done
Event: 82.458 Executing VM operation: HandshakeAllThreads
Event: 82.459 Executing VM operation: HandshakeAllThreads done
Event: 82.459 Executing VM operation: Cleanup
Event: 82.459 Executing VM operation: Cleanup done

Events (20 events):
Event: 57.584 loading class java/lang/BooleanBeanInfo done
Event: 57.585 loading class java/lang/BooleanBeanInfo
Event: 57.585 loading class java/lang/BooleanBeanInfo done
Event: 57.585 loading class java/lang/BooleanCustomizer
Event: 57.585 loading class java/lang/BooleanCustomizer done
Event: 57.585 loading class java/lang/BooleanCustomizer
Event: 57.585 loading class java/lang/BooleanCustomizer done
Event: 57.598 Thread 0x000002082a740d20 Thread added: 0x000002082a740d20
Event: 57.622 loading class java/lang/ProcessImpl
Event: 57.623 loading class java/lang/ProcessImpl done
Event: 57.651 loading class java/lang/ProcessHandleImpl
Event: 57.652 loading class java/lang/ProcessHandleImpl done
Event: 57.654 loading class java/lang/ProcessImpl$2
Event: 57.654 loading class java/lang/ProcessImpl$2 done
Event: 57.655 loading class java/lang/Process$PipeInputStream
Event: 57.655 loading class java/lang/Process$PipeInputStream done
Event: 57.677 loading class jdk/internal/event/ProcessStartEvent
Event: 57.677 loading class jdk/internal/event/ProcessStartEvent done
Event: 57.678 Thread 0x000002082a743d40 Thread added: 0x000002082a743d40
Event: 57.678 Thread 0x000002082a744210 Thread added: 0x000002082a744210


Dynamic libraries:
0x00007ff6f44d0000 - 0x00007ff6f44da000 	D:\Android Studio\jbr\bin\java.exe
0x00007ffdd9920000 - 0x00007ffdd9b29000 	C:\Windows\SYSTEM32\ntdll.dll
0x00007ffdd7a20000 - 0x00007ffdd7ade000 	C:\Windows\System32\KERNEL32.DLL
0x00007ffdd6ef0000 - 0x00007ffdd7273000 	C:\Windows\System32\KERNELBASE.dll
0x00007ffdd7350000 - 0x00007ffdd7461000 	C:\Windows\System32\ucrtbase.dll
0x00007ffdd3340000 - 0x00007ffdd3357000 	D:\Android Studio\jbr\bin\jli.dll
0x00007ffdd87e0000 - 0x00007ffdd898d000 	C:\Windows\System32\USER32.dll
0x00007ffdd7280000 - 0x00007ffdd72a6000 	C:\Windows\System32\win32u.dll
0x00007ffdd30a0000 - 0x00007ffdd30bb000 	D:\Android Studio\jbr\bin\VCRUNTIME140.dll
0x00007ffdd9210000 - 0x00007ffdd9239000 	C:\Windows\System32\GDI32.dll
0x00007ffdd6dd0000 - 0x00007ffdd6eea000 	C:\Windows\System32\gdi32full.dll
0x00007ffdc65b0000 - 0x00007ffdc6855000 	C:\Windows\WinSxS\amd64_microsoft.windows.common-controls_6595b64144ccf1df_6.0.22000.120_none_9d947278b86cc467\COMCTL32.dll
0x00007ffdd72b0000 - 0x00007ffdd734d000 	C:\Windows\System32\msvcp_win.dll
0x00007ffdd8990000 - 0x00007ffdd8a33000 	C:\Windows\System32\msvcrt.dll
0x00007ffdd78b0000 - 0x00007ffdd78e1000 	C:\Windows\System32\IMM32.DLL
0x00007ffdd1f80000 - 0x00007ffdd1f8c000 	D:\Android Studio\jbr\bin\vcruntime140_1.dll
0x00007ffdc5d20000 - 0x00007ffdc5dad000 	D:\Android Studio\jbr\bin\msvcp140.dll
0x00007ffda8e10000 - 0x00007ffda9a7d000 	D:\Android Studio\jbr\bin\server\jvm.dll
0x00007ffdd7bd0000 - 0x00007ffdd7c7e000 	C:\Windows\System32\ADVAPI32.dll
0x00007ffdd9100000 - 0x00007ffdd919e000 	C:\Windows\System32\sechost.dll
0x00007ffdd78f0000 - 0x00007ffdd7a11000 	C:\Windows\System32\RPCRT4.dll
0x00007ffdbf940000 - 0x00007ffdbf949000 	C:\Windows\SYSTEM32\WSOCK32.dll
0x00007ffdd85e0000 - 0x00007ffdd864f000 	C:\Windows\System32\WS2_32.dll
0x00007ffdd1fa0000 - 0x00007ffdd1fd3000 	C:\Windows\SYSTEM32\WINMM.dll
0x00007ffdcafa0000 - 0x00007ffdcafaa000 	C:\Windows\SYSTEM32\VERSION.dll
0x00007ffdd5e10000 - 0x00007ffdd5e28000 	C:\Windows\SYSTEM32\kernel.appcore.dll
0x00007ffdd1c60000 - 0x00007ffdd1c6a000 	D:\Android Studio\jbr\bin\jimage.dll
0x00007ffdbf030000 - 0x00007ffdbf251000 	C:\Windows\SYSTEM32\DBGHELP.DLL
0x00007ffdbef10000 - 0x00007ffdbef41000 	C:\Windows\SYSTEM32\dbgcore.DLL
0x00007ffdd76a0000 - 0x00007ffdd771f000 	C:\Windows\System32\bcryptPrimitives.dll
0x00007ffdcb4d0000 - 0x00007ffdcb4f5000 	D:\Android Studio\jbr\bin\java.dll
0x00007ffdcf4c0000 - 0x00007ffdcf4d8000 	D:\Android Studio\jbr\bin\zip.dll
0x00007ffdd7c80000 - 0x00007ffdd8445000 	C:\Windows\System32\SHELL32.dll
0x00007ffdd4d10000 - 0x00007ffdd5574000 	C:\Windows\SYSTEM32\windows.storage.dll
0x00007ffdd9240000 - 0x00007ffdd95b6000 	C:\Windows\System32\combase.dll
0x00007ffdd4ba0000 - 0x00007ffdd4d07000 	C:\Windows\SYSTEM32\wintypes.dll
0x00007ffdd84e0000 - 0x00007ffdd85ca000 	C:\Windows\System32\SHCORE.dll
0x00007ffdd95c0000 - 0x00007ffdd961d000 	C:\Windows\System32\shlwapi.dll
0x00007ffdd6d00000 - 0x00007ffdd6d21000 	C:\Windows\SYSTEM32\profapi.dll
0x00007ffdcf330000 - 0x00007ffdcf349000 	D:\Android Studio\jbr\bin\net.dll
0x00007ffdd0930000 - 0x00007ffdd0a42000 	C:\Windows\SYSTEM32\WINHTTP.dll
0x00007ffdd62a0000 - 0x00007ffdd6307000 	C:\Windows\system32\mswsock.dll
0x00007ffdca770000 - 0x00007ffdca786000 	D:\Android Studio\jbr\bin\nio.dll
0x00007ffdd1c50000 - 0x00007ffdd1c60000 	D:\Android Studio\jbr\bin\verify.dll
0x00007ffdc5540000 - 0x00007ffdc5567000 	C:\Users\acer\.gradle\native\e1d6ef7f7dcc3fd88c89a11ec53ec762bb8ba0a96d01ffa2cd45eb1d1d8dd5c5\windows-amd64\native-platform.dll
0x00007ffdac230000 - 0x00007ffdac374000 	C:\Users\acer\.gradle\native\0d407fdbe67a94daf76414ababcb853783967236a71b16ec16e742cd7a986fd3\windows-amd64\native-platform-file-events.dll
0x00007ffdcab20000 - 0x00007ffdcab29000 	D:\Android Studio\jbr\bin\management.dll
0x00007ffdca760000 - 0x00007ffdca76b000 	D:\Android Studio\jbr\bin\management_ext.dll
0x00007ffdd97e0000 - 0x00007ffdd97e8000 	C:\Windows\System32\PSAPI.DLL
0x00007ffdd6570000 - 0x00007ffdd6588000 	C:\Windows\SYSTEM32\CRYPTSP.dll
0x00007ffdd5d70000 - 0x00007ffdd5da5000 	C:\Windows\system32\rsaenh.dll
0x00007ffdd6340000 - 0x00007ffdd6369000 	C:\Windows\SYSTEM32\USERENV.dll
0x00007ffdd66c0000 - 0x00007ffdd66e7000 	C:\Windows\SYSTEM32\bcrypt.dll
0x00007ffdd6490000 - 0x00007ffdd649c000 	C:\Windows\SYSTEM32\CRYPTBASE.dll
0x00007ffdd5930000 - 0x00007ffdd595d000 	C:\Windows\SYSTEM32\IPHLPAPI.DLL
0x00007ffdd85d0000 - 0x00007ffdd85d9000 	C:\Windows\System32\NSI.dll
0x00007ffdd01b0000 - 0x00007ffdd01c9000 	C:\Windows\SYSTEM32\dhcpcsvc6.DLL
0x00007ffdd15d0000 - 0x00007ffdd15ee000 	C:\Windows\SYSTEM32\dhcpcsvc.DLL
0x00007ffdd5960000 - 0x00007ffdd5a48000 	C:\Windows\SYSTEM32\DNSAPI.dll
0x00007ffdd3d50000 - 0x00007ffdd3d58000 	C:\Windows\system32\wshunix.dll

dbghelp: loaded successfully - version: 4.0.5 - missing functions: none
symbol engine: initialized successfully - sym options: 0x614 - pdb path: .;D:\Android Studio\jbr\bin;C:\Windows\SYSTEM32;C:\Windows\WinSxS\amd64_microsoft.windows.common-controls_6595b64144ccf1df_6.0.22000.120_none_9d947278b86cc467;D:\Android Studio\jbr\bin\server;C:\Users\acer\.gradle\native\e1d6ef7f7dcc3fd88c89a11ec53ec762bb8ba0a96d01ffa2cd45eb1d1d8dd5c5\windows-amd64;C:\Users\acer\.gradle\native\0d407fdbe67a94daf76414ababcb853783967236a71b16ec16e742cd7a986fd3\windows-amd64

VM Arguments:
jvm_args: -XX:MaxPermSize=512M -XX:+HeapDumpOnOutOfMemoryError --add-opens=java.base/java.util=ALL-UNNAMED --add-opens=java.base/java.lang=ALL-UNNAMED --add-opens=java.base/java.lang.invoke=ALL-UNNAMED --add-opens=java.base/java.util=ALL-UNNAMED --add-opens=java.prefs/java.util.prefs=ALL-UNNAMED --add-opens=java.prefs/java.util.prefs=ALL-UNNAMED --add-opens=java.base/java.nio.charset=ALL-UNNAMED --add-opens=java.base/java.net=ALL-UNNAMED --add-opens=java.base/java.util.concurrent.atomic=ALL-UNNAMED -Xmx2048M -Dfile.encoding=UTF-8 -Duser.country=FR -Duser.language=fr -Duser.variant -Xms256m -Xmx1024m 
java_command: org.gradle.launcher.daemon.bootstrap.GradleDaemon 7.5
java_class_path (initial): C:\Users\acer\.gradle\wrapper\dists\gradle-7.5-all\6qsw290k5lz422uaf8jf6m7co\gradle-7.5\lib\gradle-launcher-7.5.jar
Launcher Type: SUN_STANDARD

[Global flags]
     intx CICompilerCount                          = 3                                         {product} {ergonomic}
     uint ConcGCThreads                            = 1                                         {product} {ergonomic}
     uint G1ConcRefinementThreads                  = 4                                         {product} {ergonomic}
   size_t G1HeapRegionSize                         = 1048576                                   {product} {ergonomic}
    uintx GCDrainStackTargetSize                   = 64                                        {product} {ergonomic}
     bool HeapDumpOnOutOfMemoryError               = true                                   {manageable} {command line}
   size_t InitialHeapSize                          = 268435456                                 {product} {command line}
   size_t MarkStackSize                            = 4194304                                   {product} {ergonomic}
   size_t MaxHeapSize                              = 1073741824                                {product} {command line}
   size_t MaxNewSize                               = 643825664                                 {product} {ergonomic}
   size_t MinHeapDeltaBytes                        = 1048576                                   {product} {ergonomic}
   size_t MinHeapSize                              = 268435456                                 {product} {command line}
    uintx NonNMethodCodeHeapSize                   = 5832780                                {pd product} {ergonomic}
    uintx NonProfiledCodeHeapSize                  = 122912730                              {pd product} {ergonomic}
    uintx ProfiledCodeHeapSize                     = 122912730                              {pd product} {ergonomic}
    uintx ReservedCodeCacheSize                    = 251658240                              {pd product} {ergonomic}
     bool SegmentedCodeCache                       = true                                      {product} {ergonomic}
   size_t SoftMaxHeapSize                          = 1073741824                             {manageable} {ergonomic}
     bool UseCompressedClassPointers               = true                           {product lp64_product} {ergonomic}
     bool UseCompressedOops                        = true                           {product lp64_product} {ergonomic}
     bool UseG1GC                                  = true                                      {product} {ergonomic}
     bool UseLargePagesIndividualAllocation        = false                                  {pd product} {ergonomic}

Logging:
Log output configuration:
 #0: stdout all=warning uptime,level,tags
 #1: stderr all=off uptime,level,tags

Environment Variables:
JAVA_HOME=D:\Android Studio\jbr
_JAVA_OPTIONS=-Xms256m -Xmx1024m
CLASSPATH=D:\flutter projets\ESPcode_fluttercode\projetagri\android\\gradle\wrapper\gradle-wrapper.jar
PATH=C:\Program Files\Common Files\Oracle\Java\javapath;C:\Windows\system32;C:\Windows;C:\Windows\System32\Wbem;C:\Windows\System32\WindowsPowerShell\v1.0\;C:\Windows\System32\OpenSSH\;D:\Git\cmd;D:\src\flutter_windows_3.3.10-stable\flutter\bin;D:\Git\bin;D:\java\bin;D:\nodejs\;C:\Users\acer\AppData\Local\Pub\Cache\bin;D:\wampserver\bin\php\php8.2.0;D:\mosquitto;C:\Users\acer\.gradle\wrapper\dists\gradle-8.0.1\lib;D:\Maven\apache-maven-3.9.1-bin\apache-maven-3.9.1\bin;C:\Users\acer\AppData\Local\Android\Sdk;C:\Users\acer\AppData\Local\Android\Sdk\platform-tools;D:\java;C:\Users\acer\AppData\Local\Microsoft\WindowsApps;C:\Users\acer\AppData\Roaming\npm;D:\Microsoft Visual Studio\bin;D:\src\flutter_windows_3.3.10-stable\flutter\bin\mingit\cmd;D:\src\flutter_windows_3.3.10-stable\flutter\bin\mingit\cmd
USERNAME=acer
OS=Windows_NT
PROCESSOR_IDENTIFIER=Intel64 Family 6 Model 61 Stepping 4, GenuineIntel
TMP=C:\Users\acer\AppData\Local\Temp
TEMP=C:\Users\acer\AppData\Local\Temp



---------------  S Y S T E M  ---------------

OS:
 Windows 11 , 64 bit Build 22000 (10.0.22000.1761)
OS uptime: 0 days 15:25 hours
Hyper-V role detected

CPU: total 4 (initial active 4) (2 cores per cpu, 2 threads per core) family 6 model 61 stepping 4 microcode 0x2f, cx8, cmov, fxsr, ht, mmx, 3dnowpref, sse, sse2, sse3, ssse3, sse4.1, sse4.2, popcnt, lzcnt, tsc, tscinvbit, avx, avx2, aes, erms, clmul, bmi1, bmi2, rtm, adx, fma, vzeroupper, clflush, hv

Memory: 4k page, system-wide physical 8091M (263M free)
TotalPageFile size 10139M (AvailPageFile size 0M)
current process WorkingSet (physical memory assigned to process): 501M, peak: 521M
current process commit charge ("private bytes"): 562M, peak: 576M

vm_info: OpenJDK 64-Bit Server VM (17.0.6+0-b2043.56-9586694) for windows-amd64 JRE (17.0.6+0-b2043.56-9586694), built on Feb  9 2023 20:06:20 by "androidbuild" with MS VC++ 16.10 / 16.11 (VS2019)

END.
