#
# There is insufficient memory for the Java Runtime Environment to continue.
# Native memory allocation (malloc) failed to allocate 32744 bytes for ChunkPool::allocate
# Possible reasons:
#   The system is out of physical RAM or swap space
#   The process is running with CompressedOops enabled, and the Java Heap may be blocking the growth of the native heap
# Possible solutions:
#   Reduce memory load on the system
#   Increase physical memory or swap space
#   Check if swap backing store is full
#   Decrease Java heap size (-Xmx/-Xms)
#   Decrease number of Java threads
#   Decrease Java thread stack sizes (-Xss)
#   Set larger code cache with -XX:ReservedCodeCacheSize=
#   JVM is running with Unscaled Compressed Oops mode in which the Java heap is
#     placed in the first 4GB address space. The Java Heap base address is the
#     maximum limit for the native heap growth. Please use -XX:HeapBaseMinAddress
#     to set the Java Heap base and to place the Java Heap above 4GB virtual address.
# This output file may be truncated or incomplete.
#
#  Out of Memory Error (arena.cpp:78), pid=268, tid=4512
#
# JRE version: OpenJDK Runtime Environment (17.0.6) (build 17.0.6+0-b2043.56-9586694)
# Java VM: OpenJDK 64-Bit Server VM (17.0.6+0-b2043.56-9586694, mixed mode, tiered, compressed oops, compressed class ptrs, g1 gc, windows-amd64)
# No core dump will be written. Minidumps are not enabled by default on client versions of Windows
#

---------------  S U M M A R Y ------------

Command Line: -Dorg.gradle.appname=gradlew org.gradle.wrapper.GradleWrapperMain -q -Ptarget-platform=android-x86 -Ptarget=D:\flutter projets\ESPcode_fluttercode\projetagri\lib\main.dart -Pbase-application-name=android.app.Application -Pdart-defines=Zmx1dHRlci5pbnNwZWN0b3Iuc3RydWN0dXJlZEVycm9ycz1mYWxzZQ==,RkxVVFRFUl9XRUJfQVVUT19ERVRFQ1Q9dHJ1ZQ==,RkxVVFRFUl9XRUJfQ0FOVkFTS0lUX1VSTD1odHRwczovL3d3dy5nc3RhdGljLmNvbS9mbHV0dGVyLWNhbnZhc2tpdC8xZDI1OTA2YjRjZjAwNzY2MDRhNjczNjBiMjFiMWUwOTJlYjAxYjE5Lw== -Pdart-obfuscation=false -Ptrack-widget-creation=true -Ptree-shake-icons=false -Pfilesystem-scheme=org-dartlang-root assembleDebug

Host: Intel(R) Core(TM) i5-5300U CPU @ 2.30GHz, 4 cores, 7G,  Windows 11 , 64 bit Build 22000 (10.0.22000.1761)
Time: Mon May  1 15:59:52 2023 Maroc (heure d64 bit Build 22000 (10.0.22000.1761) elapsed time: 40.910022 seconds (0d 0h 0m 40s)

---------------  T H R E A D  ---------------

Current thread (0x000001df510220c0):  JavaThread "C1 CompilerThread0" daemon [_thread_in_native, id=4512, stack(0x000000d737c00000,0x000000d737d00000)]


Current CompileTask:
C1:  40910 1267       3       java.lang.reflect.AccessibleObject::checkCanSetAccessible (368 bytes)

Stack: [0x000000d737c00000,0x000000d737d00000]
Native frames: (J=compiled Java code, j=interpreted, Vv=VM code, C=native code)
V  [jvm.dll+0x683b4a]
V  [jvm.dll+0x842654]
V  [jvm.dll+0x843dfe]
V  [jvm.dll+0x844463]
V  [jvm.dll+0x249b75]
V  [jvm.dll+0xabecc]
V  [jvm.dll+0xac27c]
V  [jvm.dll+0x17cc5f]
V  [jvm.dll+0x17b7eb]
V  [jvm.dll+0x135f83]
V  [jvm.dll+0x13587f]
V  [jvm.dll+0x135ab6]
V  [jvm.dll+0x134f4a]
V  [jvm.dll+0x136c11]
V  [jvm.dll+0x22b098]
V  [jvm.dll+0x229159]
V  [jvm.dll+0x7f809c]
V  [jvm.dll+0x7f25fa]
V  [jvm.dll+0x682985]
C  [ucrtbase.dll+0x26c0c]
C  [KERNEL32.DLL+0x15590]
C  [ntdll.dll+0x485b]


---------------  P R O C E S S  ---------------

Threads class SMR info:
_java_thread_list=0x000001df528c7f30, length=15, elements={
0x000001df37190b00, 0x000001df50685640, 0x000001df506861f0, 0x000001df5101b430,
0x000001df5101dd00, 0x000001df5101e5c0, 0x000001df5101ef70, 0x000001df5101fc50,
0x000001df510220c0, 0x000001df5103e670, 0x000001df51197450, 0x000001df5119cd40,
0x000001df51b89110, 0x000001df5255d070, 0x000001df52560a30
}

Java Threads: ( => current thread )
  0x000001df37190b00 JavaThread "main" [_thread_in_native, id=2028, stack(0x000000d736e00000,0x000000d736f00000)]
  0x000001df50685640 JavaThread "Reference Handler" daemon [_thread_blocked, id=6280, stack(0x000000d737500000,0x000000d737600000)]
  0x000001df506861f0 JavaThread "Finalizer" daemon [_thread_blocked, id=6892, stack(0x000000d737600000,0x000000d737700000)]
  0x000001df5101b430 JavaThread "Signal Dispatcher" daemon [_thread_blocked, id=4220, stack(0x000000d737700000,0x000000d737800000)]
  0x000001df5101dd00 JavaThread "Attach Listener" daemon [_thread_blocked, id=11360, stack(0x000000d737800000,0x000000d737900000)]
  0x000001df5101e5c0 JavaThread "Service Thread" daemon [_thread_blocked, id=1480, stack(0x000000d737900000,0x000000d737a00000)]
  0x000001df5101ef70 JavaThread "Monitor Deflation Thread" daemon [_thread_blocked, id=11832, stack(0x000000d737a00000,0x000000d737b00000)]
  0x000001df5101fc50 JavaThread "C2 CompilerThread0" daemon [_thread_blocked, id=8036, stack(0x000000d737b00000,0x000000d737c00000)]
=>0x000001df510220c0 JavaThread "C1 CompilerThread0" daemon [_thread_in_native, id=4512, stack(0x000000d737c00000,0x000000d737d00000)]
  0x000001df5103e670 JavaThread "Sweeper thread" daemon [_thread_blocked, id=8612, stack(0x000000d737d00000,0x000000d737e00000)]
  0x000001df51197450 JavaThread "Notification Thread" daemon [_thread_blocked, id=10616, stack(0x000000d737e00000,0x000000d737f00000)]
  0x000001df5119cd40 JavaThread "Common-Cleaner" daemon [_thread_blocked, id=11412, stack(0x000000d738000000,0x000000d738100000)]
  0x000001df51b89110 JavaThread "pool-1-thread-1" [_thread_blocked, id=10432, stack(0x000000d738500000,0x000000d738600000)]
  0x000001df5255d070 JavaThread "DisconnectableInputStream source reader" daemon [_thread_in_native, id=816, stack(0x000000d738600000,0x000000d738700000)]
  0x000001df52560a30 JavaThread "Forward input" [_thread_blocked, id=1484, stack(0x000000d738700000,0x000000d738800000)]

Other Threads:
  0x000001df5069c010 VMThread "VM Thread" [stack: 0x000000d737400000,0x000000d737500000] [id=6472]
  0x000001df37204c10 WatcherThread [stack: 0x000000d737f00000,0x000000d738000000] [id=5440]
  0x000001df371ec490 GCTaskThread "GC Thread#0" [stack: 0x000000d736f00000,0x000000d737000000] [id=12124]
  0x000001df514c5f10 GCTaskThread "GC Thread#1" [stack: 0x000000d738100000,0x000000d738200000] [id=10416]
  0x000001df5142a7a0 GCTaskThread "GC Thread#2" [stack: 0x000000d738200000,0x000000d738300000] [id=6444]
  0x000001df51494200 GCTaskThread "GC Thread#3" [stack: 0x000000d738300000,0x000000d738400000] [id=4108]
  0x000001df371fd230 ConcurrentGCThread "G1 Main Marker" [stack: 0x000000d737000000,0x000000d737100000] [id=5856]
  0x000001df371fe3e0 ConcurrentGCThread "G1 Conc#0" [stack: 0x000000d737100000,0x000000d737200000] [id=9220]
  0x000001df37256400 ConcurrentGCThread "G1 Refine#0" [stack: 0x000000d737200000,0x000000d737300000] [id=6300]
  0x000001df37256e20 ConcurrentGCThread "G1 Service" [stack: 0x000000d737300000,0x000000d737400000] [id=10392]

Threads with active compile tasks:
C1 CompilerThread0    40948 1267       3       java.lang.reflect.AccessibleObject::checkCanSetAccessible (368 bytes)

VM state: not at safepoint (normal execution)

VM Mutex/Monitor currently owned by a thread: None

Heap address: 0x0000000081800000, size: 2024 MB, Compressed Oops mode: 32-bit

CDS archive(s) not mapped
Compressed class space mapped at: 0x0000000100000000-0x0000000140000000, reserved size: 1073741824
Narrow klass base: 0x0000000000000000, Narrow klass shift: 3, Narrow klass range: 0x140000000

GC Precious Log:
 CPUs: 4 total, 4 available
 Memory: 8091M
 Large Page Support: Disabled
 NUMA Support: Disabled
 Compressed Oops: Enabled (32-bit)
 Heap Region Size: 1M
 Heap Min Capacity: 8M
 Heap Initial Capacity: 128M
 Heap Max Capacity: 2024M
 Pre-touch: Disabled
 Parallel Workers: 4
 Concurrent Workers: 1
 Concurrent Refinement Workers: 4
 Periodic GC: Disabled

Heap:
 garbage-first heap   total 131072K, used 16941K [0x0000000081800000, 0x0000000100000000)
  region size 1024K, 11 young (11264K), 3 survivors (3072K)
 Metaspace       used 16212K, committed 16448K, reserved 1064960K
  class space    used 1888K, committed 1984K, reserved 1048576K

Heap Regions: E=young(eden), S=young(survivor), O=old, HS=humongous(starts), HC=humongous(continues), CS=collection set, F=free, OA=open archive, CA=closed archive, TAMS=top-at-mark-start (previous, next)
|   0|0x0000000081800000, 0x0000000081900000, 0x0000000081900000|100%|HS|  |TAMS 0x0000000081800000, 0x0000000081800000| Complete 
|   1|0x0000000081900000, 0x0000000081a00000, 0x0000000081a00000|100%|HC|  |TAMS 0x0000000081900000, 0x0000000081900000| Complete 
|   2|0x0000000081a00000, 0x0000000081b00000, 0x0000000081b00000|100%|HC|  |TAMS 0x0000000081a00000, 0x0000000081a00000| Complete 
|   3|0x0000000081b00000, 0x0000000081c00000, 0x0000000081c00000|100%| O|  |TAMS 0x0000000081b00000, 0x0000000081b00000| Untracked 
|   4|0x0000000081c00000, 0x0000000081d00000, 0x0000000081d00000|100%| O|  |TAMS 0x0000000081c00000, 0x0000000081c00000| Untracked 
|   5|0x0000000081d00000, 0x0000000081e00000, 0x0000000081e00000|100%| O|  |TAMS 0x0000000081d00000, 0x0000000081d00000| Untracked 
|   6|0x0000000081e00000, 0x0000000081e8b408, 0x0000000081f00000| 54%| O|  |TAMS 0x0000000081e00000, 0x0000000081e00000| Untracked 
|   7|0x0000000081f00000, 0x0000000081f00000, 0x0000000082000000|  0%| F|  |TAMS 0x0000000081f00000, 0x0000000081f00000| Untracked 
|   8|0x0000000082000000, 0x0000000082000000, 0x0000000082100000|  0%| F|  |TAMS 0x0000000082000000, 0x0000000082000000| Untracked 
|   9|0x0000000082100000, 0x0000000082100000, 0x0000000082200000|  0%| F|  |TAMS 0x0000000082100000, 0x0000000082100000| Untracked 
|  10|0x0000000082200000, 0x0000000082200000, 0x0000000082300000|  0%| F|  |TAMS 0x0000000082200000, 0x0000000082200000| Untracked 
|  11|0x0000000082300000, 0x0000000082300000, 0x0000000082400000|  0%| F|  |TAMS 0x0000000082300000, 0x0000000082300000| Untracked 
|  12|0x0000000082400000, 0x0000000082400000, 0x0000000082500000|  0%| F|  |TAMS 0x0000000082400000, 0x0000000082400000| Untracked 
|  13|0x0000000082500000, 0x0000000082500000, 0x0000000082600000|  0%| F|  |TAMS 0x0000000082500000, 0x0000000082500000| Untracked 
|  14|0x0000000082600000, 0x0000000082600000, 0x0000000082700000|  0%| F|  |TAMS 0x0000000082600000, 0x0000000082600000| Untracked 
|  15|0x0000000082700000, 0x0000000082700000, 0x0000000082800000|  0%| F|  |TAMS 0x0000000082700000, 0x0000000082700000| Untracked 
|  16|0x0000000082800000, 0x0000000082800000, 0x0000000082900000|  0%| F|  |TAMS 0x0000000082800000, 0x0000000082800000| Untracked 
|  17|0x0000000082900000, 0x0000000082900000, 0x0000000082a00000|  0%| F|  |TAMS 0x0000000082900000, 0x0000000082900000| Untracked 
|  18|0x0000000082a00000, 0x0000000082a00000, 0x0000000082b00000|  0%| F|  |TAMS 0x0000000082a00000, 0x0000000082a00000| Untracked 
|  19|0x0000000082b00000, 0x0000000082b00000, 0x0000000082c00000|  0%| F|  |TAMS 0x0000000082b00000, 0x0000000082b00000| Untracked 
|  20|0x0000000082c00000, 0x0000000082c00000, 0x0000000082d00000|  0%| F|  |TAMS 0x0000000082c00000, 0x0000000082c00000| Untracked 
|  21|0x0000000082d00000, 0x0000000082d00000, 0x0000000082e00000|  0%| F|  |TAMS 0x0000000082d00000, 0x0000000082d00000| Untracked 
|  22|0x0000000082e00000, 0x0000000082e00000, 0x0000000082f00000|  0%| F|  |TAMS 0x0000000082e00000, 0x0000000082e00000| Untracked 
|  23|0x0000000082f00000, 0x0000000082f00000, 0x0000000083000000|  0%| F|  |TAMS 0x0000000082f00000, 0x0000000082f00000| Untracked 
|  24|0x0000000083000000, 0x0000000083000000, 0x0000000083100000|  0%| F|  |TAMS 0x0000000083000000, 0x0000000083000000| Untracked 
|  25|0x0000000083100000, 0x0000000083100000, 0x0000000083200000|  0%| F|  |TAMS 0x0000000083100000, 0x0000000083100000| Untracked 
|  26|0x0000000083200000, 0x0000000083200000, 0x0000000083300000|  0%| F|  |TAMS 0x0000000083200000, 0x0000000083200000| Untracked 
|  27|0x0000000083300000, 0x0000000083300000, 0x0000000083400000|  0%| F|  |TAMS 0x0000000083300000, 0x0000000083300000| Untracked 
|  28|0x0000000083400000, 0x0000000083400000, 0x0000000083500000|  0%| F|  |TAMS 0x0000000083400000, 0x0000000083400000| Untracked 
|  29|0x0000000083500000, 0x0000000083500000, 0x0000000083600000|  0%| F|  |TAMS 0x0000000083500000, 0x0000000083500000| Untracked 
|  30|0x0000000083600000, 0x0000000083600000, 0x0000000083700000|  0%| F|  |TAMS 0x0000000083600000, 0x0000000083600000| Untracked 
|  31|0x0000000083700000, 0x0000000083700000, 0x0000000083800000|  0%| F|  |TAMS 0x0000000083700000, 0x0000000083700000| Untracked 
|  32|0x0000000083800000, 0x0000000083800000, 0x0000000083900000|  0%| F|  |TAMS 0x0000000083800000, 0x0000000083800000| Untracked 
|  33|0x0000000083900000, 0x0000000083900000, 0x0000000083a00000|  0%| F|  |TAMS 0x0000000083900000, 0x0000000083900000| Untracked 
|  34|0x0000000083a00000, 0x0000000083a00000, 0x0000000083b00000|  0%| F|  |TAMS 0x0000000083a00000, 0x0000000083a00000| Untracked 
|  35|0x0000000083b00000, 0x0000000083b00000, 0x0000000083c00000|  0%| F|  |TAMS 0x0000000083b00000, 0x0000000083b00000| Untracked 
|  36|0x0000000083c00000, 0x0000000083c00000, 0x0000000083d00000|  0%| F|  |TAMS 0x0000000083c00000, 0x0000000083c00000| Untracked 
|  37|0x0000000083d00000, 0x0000000083d00000, 0x0000000083e00000|  0%| F|  |TAMS 0x0000000083d00000, 0x0000000083d00000| Untracked 
|  38|0x0000000083e00000, 0x0000000083e00000, 0x0000000083f00000|  0%| F|  |TAMS 0x0000000083e00000, 0x0000000083e00000| Untracked 
|  39|0x0000000083f00000, 0x0000000083f00000, 0x0000000084000000|  0%| F|  |TAMS 0x0000000083f00000, 0x0000000083f00000| Untracked 
|  40|0x0000000084000000, 0x0000000084000000, 0x0000000084100000|  0%| F|  |TAMS 0x0000000084000000, 0x0000000084000000| Untracked 
|  41|0x0000000084100000, 0x0000000084100000, 0x0000000084200000|  0%| F|  |TAMS 0x0000000084100000, 0x0000000084100000| Untracked 
|  42|0x0000000084200000, 0x0000000084200000, 0x0000000084300000|  0%| F|  |TAMS 0x0000000084200000, 0x0000000084200000| Untracked 
|  43|0x0000000084300000, 0x0000000084300000, 0x0000000084400000|  0%| F|  |TAMS 0x0000000084300000, 0x0000000084300000| Untracked 
|  44|0x0000000084400000, 0x0000000084400000, 0x0000000084500000|  0%| F|  |TAMS 0x0000000084400000, 0x0000000084400000| Untracked 
|  45|0x0000000084500000, 0x0000000084500000, 0x0000000084600000|  0%| F|  |TAMS 0x0000000084500000, 0x0000000084500000| Untracked 
|  46|0x0000000084600000, 0x0000000084600000, 0x0000000084700000|  0%| F|  |TAMS 0x0000000084600000, 0x0000000084600000| Untracked 
|  47|0x0000000084700000, 0x0000000084700000, 0x0000000084800000|  0%| F|  |TAMS 0x0000000084700000, 0x0000000084700000| Untracked 
|  48|0x0000000084800000, 0x0000000084800000, 0x0000000084900000|  0%| F|  |TAMS 0x0000000084800000, 0x0000000084800000| Untracked 
|  49|0x0000000084900000, 0x0000000084900000, 0x0000000084a00000|  0%| F|  |TAMS 0x0000000084900000, 0x0000000084900000| Untracked 
|  50|0x0000000084a00000, 0x0000000084a00000, 0x0000000084b00000|  0%| F|  |TAMS 0x0000000084a00000, 0x0000000084a00000| Untracked 
|  51|0x0000000084b00000, 0x0000000084b00000, 0x0000000084c00000|  0%| F|  |TAMS 0x0000000084b00000, 0x0000000084b00000| Untracked 
|  52|0x0000000084c00000, 0x0000000084c00000, 0x0000000084d00000|  0%| F|  |TAMS 0x0000000084c00000, 0x0000000084c00000| Untracked 
|  53|0x0000000084d00000, 0x0000000084d00000, 0x0000000084e00000|  0%| F|  |TAMS 0x0000000084d00000, 0x0000000084d00000| Untracked 
|  54|0x0000000084e00000, 0x0000000084e00000, 0x0000000084f00000|  0%| F|  |TAMS 0x0000000084e00000, 0x0000000084e00000| Untracked 
|  55|0x0000000084f00000, 0x0000000084f00000, 0x0000000085000000|  0%| F|  |TAMS 0x0000000084f00000, 0x0000000084f00000| Untracked 
|  56|0x0000000085000000, 0x0000000085000000, 0x0000000085100000|  0%| F|  |TAMS 0x0000000085000000, 0x0000000085000000| Untracked 
|  57|0x0000000085100000, 0x0000000085100000, 0x0000000085200000|  0%| F|  |TAMS 0x0000000085100000, 0x0000000085100000| Untracked 
|  58|0x0000000085200000, 0x0000000085200000, 0x0000000085300000|  0%| F|  |TAMS 0x0000000085200000, 0x0000000085200000| Untracked 
|  59|0x0000000085300000, 0x0000000085300000, 0x0000000085400000|  0%| F|  |TAMS 0x0000000085300000, 0x0000000085300000| Untracked 
|  60|0x0000000085400000, 0x0000000085400000, 0x0000000085500000|  0%| F|  |TAMS 0x0000000085400000, 0x0000000085400000| Untracked 
|  61|0x0000000085500000, 0x0000000085500000, 0x0000000085600000|  0%| F|  |TAMS 0x0000000085500000, 0x0000000085500000| Untracked 
|  62|0x0000000085600000, 0x0000000085600000, 0x0000000085700000|  0%| F|  |TAMS 0x0000000085600000, 0x0000000085600000| Untracked 
|  63|0x0000000085700000, 0x0000000085700000, 0x0000000085800000|  0%| F|  |TAMS 0x0000000085700000, 0x0000000085700000| Untracked 
|  64|0x0000000085800000, 0x0000000085800000, 0x0000000085900000|  0%| F|  |TAMS 0x0000000085800000, 0x0000000085800000| Untracked 
|  65|0x0000000085900000, 0x0000000085900000, 0x0000000085a00000|  0%| F|  |TAMS 0x0000000085900000, 0x0000000085900000| Untracked 
|  66|0x0000000085a00000, 0x0000000085a00000, 0x0000000085b00000|  0%| F|  |TAMS 0x0000000085a00000, 0x0000000085a00000| Untracked 
|  67|0x0000000085b00000, 0x0000000085b00000, 0x0000000085c00000|  0%| F|  |TAMS 0x0000000085b00000, 0x0000000085b00000| Untracked 
|  68|0x0000000085c00000, 0x0000000085c00000, 0x0000000085d00000|  0%| F|  |TAMS 0x0000000085c00000, 0x0000000085c00000| Untracked 
|  69|0x0000000085d00000, 0x0000000085d00000, 0x0000000085e00000|  0%| F|  |TAMS 0x0000000085d00000, 0x0000000085d00000| Untracked 
|  70|0x0000000085e00000, 0x0000000085e00000, 0x0000000085f00000|  0%| F|  |TAMS 0x0000000085e00000, 0x0000000085e00000| Untracked 
|  71|0x0000000085f00000, 0x0000000085f00000, 0x0000000086000000|  0%| F|  |TAMS 0x0000000085f00000, 0x0000000085f00000| Untracked 
|  72|0x0000000086000000, 0x0000000086000000, 0x0000000086100000|  0%| F|  |TAMS 0x0000000086000000, 0x0000000086000000| Untracked 
|  73|0x0000000086100000, 0x0000000086100000, 0x0000000086200000|  0%| F|  |TAMS 0x0000000086100000, 0x0000000086100000| Untracked 
|  74|0x0000000086200000, 0x0000000086200000, 0x0000000086300000|  0%| F|  |TAMS 0x0000000086200000, 0x0000000086200000| Untracked 
|  75|0x0000000086300000, 0x0000000086300000, 0x0000000086400000|  0%| F|  |TAMS 0x0000000086300000, 0x0000000086300000| Untracked 
|  76|0x0000000086400000, 0x0000000086400000, 0x0000000086500000|  0%| F|  |TAMS 0x0000000086400000, 0x0000000086400000| Untracked 
|  77|0x0000000086500000, 0x0000000086500000, 0x0000000086600000|  0%| F|  |TAMS 0x0000000086500000, 0x0000000086500000| Untracked 
|  78|0x0000000086600000, 0x0000000086600000, 0x0000000086700000|  0%| F|  |TAMS 0x0000000086600000, 0x0000000086600000| Untracked 
|  79|0x0000000086700000, 0x0000000086700000, 0x0000000086800000|  0%| F|  |TAMS 0x0000000086700000, 0x0000000086700000| Untracked 
|  80|0x0000000086800000, 0x0000000086800000, 0x0000000086900000|  0%| F|  |TAMS 0x0000000086800000, 0x0000000086800000| Untracked 
|  81|0x0000000086900000, 0x0000000086900000, 0x0000000086a00000|  0%| F|  |TAMS 0x0000000086900000, 0x0000000086900000| Untracked 
|  82|0x0000000086a00000, 0x0000000086a00000, 0x0000000086b00000|  0%| F|  |TAMS 0x0000000086a00000, 0x0000000086a00000| Untracked 
|  83|0x0000000086b00000, 0x0000000086b00000, 0x0000000086c00000|  0%| F|  |TAMS 0x0000000086b00000, 0x0000000086b00000| Untracked 
|  84|0x0000000086c00000, 0x0000000086c00000, 0x0000000086d00000|  0%| F|  |TAMS 0x0000000086c00000, 0x0000000086c00000| Untracked 
|  85|0x0000000086d00000, 0x0000000086d00000, 0x0000000086e00000|  0%| F|  |TAMS 0x0000000086d00000, 0x0000000086d00000| Untracked 
|  86|0x0000000086e00000, 0x0000000086e00000, 0x0000000086f00000|  0%| F|  |TAMS 0x0000000086e00000, 0x0000000086e00000| Untracked 
|  87|0x0000000086f00000, 0x0000000086f00000, 0x0000000087000000|  0%| F|  |TAMS 0x0000000086f00000, 0x0000000086f00000| Untracked 
|  88|0x0000000087000000, 0x0000000087000000, 0x0000000087100000|  0%| F|  |TAMS 0x0000000087000000, 0x0000000087000000| Untracked 
|  89|0x0000000087100000, 0x0000000087100000, 0x0000000087200000|  0%| F|  |TAMS 0x0000000087100000, 0x0000000087100000| Untracked 
|  90|0x0000000087200000, 0x0000000087200000, 0x0000000087300000|  0%| F|  |TAMS 0x0000000087200000, 0x0000000087200000| Untracked 
|  91|0x0000000087300000, 0x0000000087300000, 0x0000000087400000|  0%| F|  |TAMS 0x0000000087300000, 0x0000000087300000| Untracked 
|  92|0x0000000087400000, 0x0000000087400000, 0x0000000087500000|  0%| F|  |TAMS 0x0000000087400000, 0x0000000087400000| Untracked 
|  93|0x0000000087500000, 0x0000000087500000, 0x0000000087600000|  0%| F|  |TAMS 0x0000000087500000, 0x0000000087500000| Untracked 
|  94|0x0000000087600000, 0x0000000087600000, 0x0000000087700000|  0%| F|  |TAMS 0x0000000087600000, 0x0000000087600000| Untracked 
|  95|0x0000000087700000, 0x0000000087700000, 0x0000000087800000|  0%| F|  |TAMS 0x0000000087700000, 0x0000000087700000| Untracked 
|  96|0x0000000087800000, 0x0000000087800000, 0x0000000087900000|  0%| F|  |TAMS 0x0000000087800000, 0x0000000087800000| Untracked 
|  97|0x0000000087900000, 0x0000000087900000, 0x0000000087a00000|  0%| F|  |TAMS 0x0000000087900000, 0x0000000087900000| Untracked 
|  98|0x0000000087a00000, 0x0000000087a00000, 0x0000000087b00000|  0%| F|  |TAMS 0x0000000087a00000, 0x0000000087a00000| Untracked 
|  99|0x0000000087b00000, 0x0000000087b00000, 0x0000000087c00000|  0%| F|  |TAMS 0x0000000087b00000, 0x0000000087b00000| Untracked 
| 100|0x0000000087c00000, 0x0000000087c00000, 0x0000000087d00000|  0%| F|  |TAMS 0x0000000087c00000, 0x0000000087c00000| Untracked 
| 101|0x0000000087d00000, 0x0000000087d00000, 0x0000000087e00000|  0%| F|  |TAMS 0x0000000087d00000, 0x0000000087d00000| Untracked 
| 102|0x0000000087e00000, 0x0000000087e00000, 0x0000000087f00000|  0%| F|  |TAMS 0x0000000087e00000, 0x0000000087e00000| Untracked 
| 103|0x0000000087f00000, 0x0000000087f00000, 0x0000000088000000|  0%| F|  |TAMS 0x0000000087f00000, 0x0000000087f00000| Untracked 
| 104|0x0000000088000000, 0x0000000088000000, 0x0000000088100000|  0%| F|  |TAMS 0x0000000088000000, 0x0000000088000000| Untracked 
| 105|0x0000000088100000, 0x0000000088100000, 0x0000000088200000|  0%| F|  |TAMS 0x0000000088100000, 0x0000000088100000| Untracked 
| 106|0x0000000088200000, 0x0000000088200000, 0x0000000088300000|  0%| F|  |TAMS 0x0000000088200000, 0x0000000088200000| Untracked 
| 107|0x0000000088300000, 0x0000000088400000, 0x0000000088400000|100%| S|CS|TAMS 0x0000000088300000, 0x0000000088300000| Complete 
| 108|0x0000000088400000, 0x0000000088500000, 0x0000000088500000|100%| S|CS|TAMS 0x0000000088400000, 0x0000000088400000| Complete 
| 109|0x0000000088500000, 0x0000000088600000, 0x0000000088600000|100%| S|CS|TAMS 0x0000000088500000, 0x0000000088500000| Complete 
| 110|0x0000000088600000, 0x0000000088600000, 0x0000000088700000|  0%| F|  |TAMS 0x0000000088600000, 0x0000000088600000| Untracked 
| 111|0x0000000088700000, 0x0000000088700000, 0x0000000088800000|  0%| F|  |TAMS 0x0000000088700000, 0x0000000088700000| Untracked 
| 112|0x0000000088800000, 0x0000000088800000, 0x0000000088900000|  0%| F|  |TAMS 0x0000000088800000, 0x0000000088800000| Untracked 
| 113|0x0000000088900000, 0x0000000088900000, 0x0000000088a00000|  0%| F|  |TAMS 0x0000000088900000, 0x0000000088900000| Untracked 
| 114|0x0000000088a00000, 0x0000000088a00000, 0x0000000088b00000|  0%| F|  |TAMS 0x0000000088a00000, 0x0000000088a00000| Untracked 
| 115|0x0000000088b00000, 0x0000000088b00000, 0x0000000088c00000|  0%| F|  |TAMS 0x0000000088b00000, 0x0000000088b00000| Untracked 
| 116|0x0000000088c00000, 0x0000000088c00000, 0x0000000088d00000|  0%| F|  |TAMS 0x0000000088c00000, 0x0000000088c00000| Untracked 
| 117|0x0000000088d00000, 0x0000000088d00000, 0x0000000088e00000|  0%| F|  |TAMS 0x0000000088d00000, 0x0000000088d00000| Untracked 
| 118|0x0000000088e00000, 0x0000000088e00000, 0x0000000088f00000|  0%| F|  |TAMS 0x0000000088e00000, 0x0000000088e00000| Untracked 
| 119|0x0000000088f00000, 0x0000000088f00000, 0x0000000089000000|  0%| F|  |TAMS 0x0000000088f00000, 0x0000000088f00000| Untracked 
| 120|0x0000000089000000, 0x0000000089000800, 0x0000000089100000|  0%| E|  |TAMS 0x0000000089000000, 0x0000000089000000| Complete 
| 121|0x0000000089100000, 0x0000000089200000, 0x0000000089200000|100%| E|CS|TAMS 0x0000000089100000, 0x0000000089100000| Complete 
| 122|0x0000000089200000, 0x0000000089300000, 0x0000000089300000|100%| E|CS|TAMS 0x0000000089200000, 0x0000000089200000| Complete 
| 123|0x0000000089300000, 0x0000000089400000, 0x0000000089400000|100%| E|CS|TAMS 0x0000000089300000, 0x0000000089300000| Complete 
| 124|0x0000000089400000, 0x0000000089500000, 0x0000000089500000|100%| E|CS|TAMS 0x0000000089400000, 0x0000000089400000| Complete 
| 125|0x0000000089500000, 0x0000000089600000, 0x0000000089600000|100%| E|CS|TAMS 0x0000000089500000, 0x0000000089500000| Complete 
| 126|0x0000000089600000, 0x0000000089700000, 0x0000000089700000|100%| E|CS|TAMS 0x0000000089600000, 0x0000000089600000| Complete 
| 127|0x0000000089700000, 0x0000000089800000, 0x0000000089800000|100%| E|CS|TAMS 0x0000000089700000, 0x0000000089700000| Complete 

Card table byte_map: [0x000001df49a60000,0x000001df49e60000] _byte_map_base: 0x000001df49654000

Marking Bits (Prev, Next): (CMBitMap*) 0x000001df371ecaa0, (CMBitMap*) 0x000001df371ecae0
 Prev Bits: [0x000001df4a260000, 0x000001df4c200000)
 Next Bits: [0x000001df4c200000, 0x000001df4e1a0000)

Polling page: 0x000001df35100000

Metaspace:

Usage:
  Non-class:     13.99 MB used.
      Class:      1.84 MB used.
       Both:     15.83 MB used.

Virtual space:
  Non-class space:       16.00 MB reserved,      14.12 MB ( 88%) committed,  2 nodes.
      Class space:        1.00 GB reserved,       1.94 MB ( <1%) committed,  1 nodes.
             Both:        1.02 GB reserved,      16.06 MB (  2%) committed. 

Chunk freelists:
   Non-Class:  997.00 KB
       Class:  2.05 MB
        Both:  3.02 MB

MaxMetaspaceSize: unlimited
CompressedClassSpaceSize: 1.00 GB
Initial GC threshold: 21.00 MB
Current GC threshold: 21.00 MB
CDS: off
MetaspaceReclaimPolicy: balanced
 - commit_granule_bytes: 65536.
 - commit_granule_words: 8192.
 - virtual_space_node_default_size: 1048576.
 - enlarge_chunks_in_place: 1.
 - new_chunks_are_fully_committed: 0.
 - uncommit_free_chunks: 1.
 - use_allocation_guard: 0.
 - handle_deallocations: 1.


Internal statistics:

num_allocs_failed_limit: 0.
num_arena_births: 78.
num_arena_deaths: 0.
num_vsnodes_births: 3.
num_vsnodes_deaths: 0.
num_space_committed: 257.
num_space_uncommitted: 0.
num_chunks_returned_to_freelist: 0.
num_chunks_taken_from_freelist: 302.
num_chunk_merges: 0.
num_chunk_splits: 199.
num_chunks_enlarged: 162.
num_purges: 0.
num_inconsistent_stats: 0.

CodeHeap 'non-profiled nmethods': size=120000Kb used=468Kb max_used=468Kb free=119531Kb
 bounds [0x000001df42130000, 0x000001df423a0000, 0x000001df49660000]
CodeHeap 'profiled nmethods': size=120000Kb used=2360Kb max_used=2360Kb free=117639Kb
 bounds [0x000001df3a660000, 0x000001df3a8d0000, 0x000001df41b90000]
CodeHeap 'non-nmethods': size=5760Kb used=1163Kb max_used=1176Kb free=4596Kb
 bounds [0x000001df41b90000, 0x000001df41e00000, 0x000001df42130000]
 total_blobs=1725 nmethods=1266 adapters=372
 compilation: enabled
              stopped_count=0, restarted_count=0
 full_count=0

Compilation events (20 events):
Event: 34.788 Thread 0x000001df510220c0 nmethod 1256 0x000001df3a8a9f10 code [0x000001df3a8aa0a0, 0x000001df3a8aa1f8]
Event: 34.881 Thread 0x000001df510220c0 1257       3       java.util.concurrent.locks.AbstractQueuedSynchronizer$ConditionObject::awaitNanos (200 bytes)
Event: 34.882 Thread 0x000001df510220c0 nmethod 1257 0x000001df3a8aa290 code [0x000001df3a8aa580, 0x000001df3a8ab5e8]
Event: 34.990 Thread 0x000001df510220c0 1258       3       jdk.internal.misc.Unsafe::getAndBitwiseAndInt (27 bytes)
Event: 34.991 Thread 0x000001df510220c0 nmethod 1258 0x000001df3a8abc90 code [0x000001df3a8abe40, 0x000001df3a8ac088]
Event: 34.991 Thread 0x000001df510220c0 1259       3       jdk.internal.misc.Unsafe::putIntOpaque (9 bytes)
Event: 34.991 Thread 0x000001df510220c0 nmethod 1259 0x000001df3a8ac190 code [0x000001df3a8ac320, 0x000001df3a8ac438]
Event: 34.991 Thread 0x000001df510220c0 1261       3       java.util.concurrent.locks.ReentrantLock$NonfairSync::tryAcquire (27 bytes)
Event: 34.991 Thread 0x000001df510220c0 nmethod 1261 0x000001df3a8ac510 code [0x000001df3a8ac6c0, 0x000001df3a8ac948]
Event: 36.885 Thread 0x000001df510220c0 1262       3       org.gradle.internal.logging.console.ThrottlingOutputEventListener::renderNow (40 bytes)
Event: 36.885 Thread 0x000001df510220c0 nmethod 1262 0x000001df3a8aca10 code [0x000001df3a8acbe0, 0x000001df3a8ad0c8]
Event: 37.781 Thread 0x000001df5101fc50 1263       4       java.util.concurrent.locks.AbstractQueuedSynchronizer::compareAndSetState (13 bytes)
Event: 37.781 Thread 0x000001df5101fc50 nmethod 1263 0x000001df421a4e90 code [0x000001df421a5000, 0x000001df421a5098]
Event: 39.687 Thread 0x000001df510220c0 1264       3       java.util.concurrent.locks.AbstractQueuedSynchronizer$Node::getAndUnsetStatus (14 bytes)
Event: 39.687 Thread 0x000001df510220c0 nmethod 1264 0x000001df3a8ad290 code [0x000001df3a8ad440, 0x000001df3a8ad728]
Event: 40.904 Thread 0x000001df510220c0 1265       3       java.lang.reflect.AccessibleObject::checkPermission (16 bytes)
Event: 40.904 Thread 0x000001df510220c0 nmethod 1265 0x000001df3a8ad890 code [0x000001df3a8ada40, 0x000001df3a8add28]
Event: 40.904 Thread 0x000001df510220c0 1266       3       java.lang.reflect.AccessibleObject::checkCanSetAccessible (9 bytes)
Event: 40.905 Thread 0x000001df510220c0 nmethod 1266 0x000001df3a8ade10 code [0x000001df3a8adfa0, 0x000001df3a8ae0e8]
Event: 40.905 Thread 0x000001df510220c0 1267       3       java.lang.reflect.AccessibleObject::checkCanSetAccessible (368 bytes)

GC Heap History (4 events):
Event: 5.404 GC heap before
{Heap before GC invocations=0 (full 0):
 garbage-first heap   total 131072K, used 15360K [0x0000000081800000, 0x0000000100000000)
  region size 1024K, 13 young (13312K), 0 survivors (0K)
 Metaspace       used 8378K, committed 8512K, reserved 1056768K
  class space    used 735K, committed 768K, reserved 1048576K
}
Event: 5.410 GC heap after
{Heap after GC invocations=1 (full 0):
 garbage-first heap   total 131072K, used 3278K [0x0000000081800000, 0x0000000100000000)
  region size 1024K, 2 young (2048K), 2 survivors (2048K)
 Metaspace       used 8378K, committed 8512K, reserved 1056768K
  class space    used 735K, committed 768K, reserved 1048576K
}
Event: 9.383 GC heap before
{Heap before GC invocations=1 (full 0):
 garbage-first heap   total 131072K, used 22734K [0x0000000081800000, 0x0000000100000000)
  region size 1024K, 18 young (18432K), 2 survivors (2048K)
 Metaspace       used 13279K, committed 13440K, reserved 1064960K
  class space    used 1510K, committed 1600K, reserved 1048576K
}
Event: 9.388 GC heap after
{Heap after GC invocations=2 (full 0):
 garbage-first heap   total 131072K, used 9773K [0x0000000081800000, 0x0000000100000000)
  region size 1024K, 3 young (3072K), 3 survivors (3072K)
 Metaspace       used 13279K, committed 13440K, reserved 1064960K
  class space    used 1510K, committed 1600K, reserved 1048576K
}

Dll operation events (2 events):
Event: 0.011 Loaded shared library D:\Android Studio\jbr\bin\java.dll
Event: 0.307 Loaded shared library D:\Android Studio\jbr\bin\verify.dll

Deoptimization events (20 events):
Event: 9.428 Thread 0x000001df37190b00 Uncommon trap: trap_request=0xffffffc6 fr.pc=0x000001df4218a850 relative=0x0000000000000570
Event: 9.428 Thread 0x000001df37190b00 Uncommon trap: reason=bimorphic_or_optimized_type_check action=maybe_recompile pc=0x000001df4218a850 method=java.util.concurrent.ConcurrentHashMap.get(Ljava/lang/Object;)Ljava/lang/Object; @ 149 c2
Event: 9.428 Thread 0x000001df37190b00 DEOPT PACKING pc=0x000001df4218a850 sp=0x000000d736efaed0
Event: 9.428 Thread 0x000001df37190b00 DEOPT UNPACKING pc=0x000001df41be69a3 sp=0x000000d736efae70 mode 2
Event: 9.478 Thread 0x000001df37190b00 DEOPT PACKING pc=0x000001df3a6fa065 sp=0x000000d736ef9b90
Event: 9.478 Thread 0x000001df37190b00 DEOPT UNPACKING pc=0x000001df41be7143 sp=0x000000d736ef8fe0 mode 0
Event: 9.481 Thread 0x000001df37190b00 DEOPT PACKING pc=0x000001df3a7502b8 sp=0x000000d736ef6b20
Event: 9.481 Thread 0x000001df37190b00 DEOPT UNPACKING pc=0x000001df41be7143 sp=0x000000d736ef6038 mode 0
Event: 9.616 Thread 0x000001df37190b00 Uncommon trap: trap_request=0xffffff45 fr.pc=0x000001df421822f4 relative=0x0000000000001b34
Event: 9.616 Thread 0x000001df37190b00 Uncommon trap: reason=unstable_if action=reinterpret pc=0x000001df421822f4 method=java.io.WinNTFileSystem.normalize(Ljava/lang/String;)Ljava/lang/String; @ 128 c2
Event: 9.616 Thread 0x000001df37190b00 DEOPT PACKING pc=0x000001df421822f4 sp=0x000000d736efb6f0
Event: 9.616 Thread 0x000001df37190b00 DEOPT UNPACKING pc=0x000001df41be69a3 sp=0x000000d736efb6d8 mode 2
Event: 9.956 Thread 0x000001df37190b00 Uncommon trap: trap_request=0xffffff45 fr.pc=0x000001df42165d60 relative=0x0000000000000620
Event: 9.956 Thread 0x000001df37190b00 Uncommon trap: reason=unstable_if action=reinterpret pc=0x000001df42165d60 method=java.lang.AbstractStringBuilder.append(Ljava/lang/String;)Ljava/lang/AbstractStringBuilder; @ 1 c2
Event: 9.956 Thread 0x000001df37190b00 DEOPT PACKING pc=0x000001df42165d60 sp=0x000000d736efc460
Event: 9.956 Thread 0x000001df37190b00 DEOPT UNPACKING pc=0x000001df41be69a3 sp=0x000000d736efc3e0 mode 2
Event: 9.959 Thread 0x000001df37190b00 Uncommon trap: trap_request=0xffffff45 fr.pc=0x000001df4217a1f0 relative=0x0000000000000630
Event: 9.959 Thread 0x000001df37190b00 Uncommon trap: reason=unstable_if action=reinterpret pc=0x000001df4217a1f0 method=java.lang.AbstractStringBuilder.append(Ljava/lang/String;)Ljava/lang/AbstractStringBuilder; @ 1 c2
Event: 9.959 Thread 0x000001df37190b00 DEOPT PACKING pc=0x000001df4217a1f0 sp=0x000000d736efc480
Event: 9.959 Thread 0x000001df37190b00 DEOPT UNPACKING pc=0x000001df41be69a3 sp=0x000000d736efc458 mode 2

Classes unloaded (0 events):
No events

Classes redefined (0 events):
No events

Internal exceptions (19 events):
Event: 0.688 Thread 0x000001df37190b00 Exception <a 'java/lang/NoSuchMethodError'{0x0000000089418d10}: 'int java.lang.invoke.DirectMethodHandle$Holder.invokeStaticInit(java.lang.Object, java.lang.Object)'> (0x0000000089418d10) 
thrown [s\src\hotspot\share\interpreter\linkResolver.cpp, line 771]
Event: 8.862 Thread 0x000001df37190b00 Exception <a 'java/lang/NoSuchMethodError'{0x00000000890b99d8}: 'void java.lang.invoke.DirectMethodHandle$Holder.invokeStatic(java.lang.Object, java.lang.Object)'> (0x00000000890b99d8) 
thrown [s\src\hotspot\share\interpreter\linkResolver.cpp, line 771]
Event: 8.900 Thread 0x000001df37190b00 Exception <a 'java/lang/NoClassDefFoundError'{0x0000000088f40e70}: org/slf4j/impl/StaticMarkerBinder> (0x0000000088f40e70) 
thrown [s\src\hotspot\share\classfile\systemDictionary.cpp, line 245]
Event: 8.931 Thread 0x000001df37190b00 Exception <a 'java/lang/NoSuchMethodError'{0x0000000088fdd888}: 'java.lang.Object java.lang.invoke.DirectMethodHandle$Holder.invokeVirtual(java.lang.Object, java.lang.Object, java.lang.Object, java.lang.Object, java.lang.Object, java.lang.Object, java.lang.Object)'> (0x0000000088fdd888) 
thrown [s\src\hotspot\share\interpreter\linkResolver.cpp, line 771]
Event: 8.934 Thread 0x000001df37190b00 Exception <a 'java/lang/NoSuchMethodError'{0x0000000088feee18}: 'java.lang.Object java.lang.invoke.Invokers$Holder.invoker(java.lang.Object, java.lang.Object, java.lang.Object)'> (0x0000000088feee18) 
thrown [s\src\hotspot\share\interpreter\linkResolver.cpp, line 771]
Event: 8.955 Thread 0x000001df37190b00 Exception <a 'java/lang/NoSuchMethodError'{0x0000000088ff7f48}: 'java.lang.Object java.lang.invoke.DirectMethodHandle$Holder.invokeStatic(java.lang.Object, java.lang.Object, int)'> (0x0000000088ff7f48) 
thrown [s\src\hotspot\share\interpreter\linkResolver.cpp, line 771]
Event: 8.964 Thread 0x000001df37190b00 Exception <a 'java/lang/NoSuchMethodError'{0x0000000088e04408}: 'void java.lang.invoke.DelegatingMethodHandle$Holder.delegate(java.lang.Object, java.lang.Object, int, java.lang.Object)'> (0x0000000088e04408) 
thrown [s\src\hotspot\share\interpreter\linkResolver.cpp, line 771]
Event: 8.965 Thread 0x000001df37190b00 Exception <a 'java/lang/NoSuchMethodError'{0x0000000088e08550}: 'int java.lang.invoke.DirectMethodHandle$Holder.invokeSpecial(java.lang.Object, java.lang.Object, java.lang.Object)'> (0x0000000088e08550) 
thrown [s\src\hotspot\share\interpreter\linkResolver.cpp, line 771]
Event: 8.972 Thread 0x000001df37190b00 Exception <a 'java/lang/NoSuchMethodError'{0x0000000088e1b708}: 'java.lang.Object java.lang.invoke.Invokers$Holder.invokeExact_MT(java.lang.Object, java.lang.Object, java.lang.Object, java.lang.Object)'> (0x0000000088e1b708) 
thrown [s\src\hotspot\share\interpreter\linkResolver.cpp, line 771]
Event: 9.206 Thread 0x000001df37190b00 Exception <a 'java/lang/NoSuchMethodError'{0x0000000088819918}: 'java.lang.Object java.lang.invoke.DirectMethodHandle$Holder.invokeInterface(java.lang.Object, java.lang.Object, java.lang.Object)'> (0x0000000088819918) 
thrown [s\src\hotspot\share\interpreter\linkResolver.cpp, line 771]
Event: 9.214 Thread 0x000001df37190b00 Exception <a 'java/lang/NoSuchMethodError'{0x000000008883b230}: 'void java.lang.invoke.DirectMethodHandle$Holder.invokeSpecial(java.lang.Object, java.lang.Object, java.lang.Object)'> (0x000000008883b230) 
thrown [s\src\hotspot\share\interpreter\linkResolver.cpp, line 771]
Event: 9.234 Thread 0x000001df37190b00 Implicit null exception at 0x000001df4217ca0f to 0x000001df4217ce10
Event: 9.234 Thread 0x000001df37190b00 Implicit null exception at 0x000001df4216940d to 0x000001df421697f8
Event: 9.273 Thread 0x000001df37190b00 Exception <a 'java/lang/NoSuchMethodError'{0x00000000887d93b0}: 'java.lang.Object java.lang.invoke.DirectMethodHandle$Holder.invokeStaticInit(java.lang.Object)'> (0x00000000887d93b0) 
thrown [s\src\hotspot\share\interpreter\linkResolver.cpp, line 771]
Event: 9.526 Thread 0x000001df37190b00 Exception <a 'java/lang/NoSuchMethodError'{0x00000000895f2328}: 'java.lang.Object java.lang.invoke.DirectMethodHandle$Holder.invokeStaticInit(java.lang.Object, int, int, int, int)'> (0x00000000895f2328) 
thrown [s\src\hotspot\share\interpreter\linkResolver.cpp, line 771]
Event: 9.666 Thread 0x000001df37190b00 Exception <a 'java/lang/NoSuchMethodError'{0x0000000089456b40}: 'java.lang.Object java.lang.invoke.DirectMethodHandle$Holder.invokeStaticInit(java.lang.Object, java.lang.Object, int, int, int, int)'> (0x0000000089456b40) 
thrown [s\src\hotspot\share\interpreter\linkResolver.cpp, line 771]
Event: 9.927 Thread 0x000001df37190b00 Exception <a 'java/lang/NoSuchMethodError'{0x0000000089484da0}: 'void java.lang.invoke.DirectMethodHandle$Holder.invokeStatic(java.lang.Object, java.lang.Object, java.lang.Object)'> (0x0000000089484da0) 
thrown [s\src\hotspot\share\interpreter\linkResolver.cpp, line 771]
Event: 9.956 Thread 0x000001df37190b00 Implicit null exception at 0x000001df42165772 to 0x000001df42165d48
Event: 9.959 Thread 0x000001df37190b00 Implicit null exception at 0x000001df42179bf2 to 0x000001df4217a1d8

VM Operations (20 events):
Event: 8.420 Executing VM operation: Cleanup
Event: 8.420 Executing VM operation: Cleanup done
Event: 8.689 Executing VM operation: HandshakeAllThreads
Event: 8.689 Executing VM operation: HandshakeAllThreads done
Event: 8.937 Executing VM operation: HandshakeAllThreads
Event: 8.953 Executing VM operation: HandshakeAllThreads done
Event: 9.383 Executing VM operation: G1CollectForAllocation
Event: 9.388 Executing VM operation: G1CollectForAllocation done
Event: 9.434 Executing VM operation: HandshakeAllThreads
Event: 9.434 Executing VM operation: HandshakeAllThreads done
Event: 9.620 Executing VM operation: HandshakeAllThreads
Event: 9.620 Executing VM operation: HandshakeAllThreads done
Event: 10.619 Executing VM operation: Cleanup
Event: 10.619 Executing VM operation: Cleanup done
Event: 14.644 Executing VM operation: Cleanup
Event: 14.644 Executing VM operation: Cleanup done
Event: 24.730 Executing VM operation: Cleanup
Event: 24.730 Executing VM operation: Cleanup done
Event: 34.803 Executing VM operation: Cleanup
Event: 34.803 Executing VM operation: Cleanup done

Events (20 events):
Event: 12.206 loading class jdk/internal/reflect/ByteVectorFactory
Event: 12.206 loading class jdk/internal/reflect/ByteVectorFactory done
Event: 12.206 loading class jdk/internal/reflect/ByteVectorImpl
Event: 12.207 loading class jdk/internal/reflect/ByteVector
Event: 12.207 loading class jdk/internal/reflect/ByteVector done
Event: 12.207 loading class jdk/internal/reflect/ByteVectorImpl done
Event: 12.207 loading class jdk/internal/reflect/ClassFileAssembler
Event: 12.207 loading class jdk/internal/reflect/ClassFileAssembler done
Event: 12.207 loading class jdk/internal/reflect/UTF8
Event: 12.207 loading class jdk/internal/reflect/UTF8 done
Event: 12.209 loading class jdk/internal/reflect/Label
Event: 12.209 loading class jdk/internal/reflect/Label done
Event: 12.209 loading class jdk/internal/reflect/Label$PatchInfo
Event: 12.209 loading class jdk/internal/reflect/Label$PatchInfo done
Event: 12.209 loading class jdk/internal/reflect/MethodAccessorGenerator$1
Event: 12.209 loading class jdk/internal/reflect/MethodAccessorGenerator$1 done
Event: 12.209 loading class jdk/internal/reflect/ClassDefiner
Event: 12.209 loading class jdk/internal/reflect/ClassDefiner done
Event: 12.209 loading class jdk/internal/reflect/ClassDefiner$1
Event: 12.209 loading class jdk/internal/reflect/ClassDefiner$1 done


Dynamic libraries:
0x00007ff6f44d0000 - 0x00007ff6f44da000 	D:\Android Studio\jbr\bin\java.exe
0x00007ffdd9920000 - 0x00007ffdd9b29000 	C:\Windows\SYSTEM32\ntdll.dll
0x00007ffdd7a20000 - 0x00007ffdd7ade000 	C:\Windows\System32\KERNEL32.DLL
0x00007ffdd6ef0000 - 0x00007ffdd7273000 	C:\Windows\System32\KERNELBASE.dll
0x00007ffdd7350000 - 0x00007ffdd7461000 	C:\Windows\System32\ucrtbase.dll
0x00007ffdd33b0000 - 0x00007ffdd33c7000 	D:\Android Studio\jbr\bin\jli.dll
0x00007ffdd87e0000 - 0x00007ffdd898d000 	C:\Windows\System32\USER32.dll
0x00007ffdd7280000 - 0x00007ffdd72a6000 	C:\Windows\System32\win32u.dll
0x00007ffdd9210000 - 0x00007ffdd9239000 	C:\Windows\System32\GDI32.dll
0x00007ffdd6dd0000 - 0x00007ffdd6eea000 	C:\Windows\System32\gdi32full.dll
0x00007ffdd72b0000 - 0x00007ffdd734d000 	C:\Windows\System32\msvcp_win.dll
0x00007ffdd1f80000 - 0x00007ffdd1f9b000 	D:\Android Studio\jbr\bin\VCRUNTIME140.dll
0x00007ffdc65b0000 - 0x00007ffdc6855000 	C:\Windows\WinSxS\amd64_microsoft.windows.common-controls_6595b64144ccf1df_6.0.22000.120_none_9d947278b86cc467\COMCTL32.dll
0x00007ffdd8990000 - 0x00007ffdd8a33000 	C:\Windows\System32\msvcrt.dll
0x00007ffdd78b0000 - 0x00007ffdd78e1000 	C:\Windows\System32\IMM32.DLL
0x00007ffdd3f90000 - 0x00007ffdd3f9c000 	D:\Android Studio\jbr\bin\vcruntime140_1.dll
0x00007ffdd17d0000 - 0x00007ffdd185d000 	D:\Android Studio\jbr\bin\msvcp140.dll
0x00007ffda3e70000 - 0x00007ffda4add000 	D:\Android Studio\jbr\bin\server\jvm.dll
0x00007ffdd7bd0000 - 0x00007ffdd7c7e000 	C:\Windows\System32\ADVAPI32.dll
0x00007ffdd9100000 - 0x00007ffdd919e000 	C:\Windows\System32\sechost.dll
0x00007ffdd78f0000 - 0x00007ffdd7a11000 	C:\Windows\System32\RPCRT4.dll
0x00007ffdbf940000 - 0x00007ffdbf949000 	C:\Windows\SYSTEM32\WSOCK32.dll
0x00007ffdd1fa0000 - 0x00007ffdd1fd3000 	C:\Windows\SYSTEM32\WINMM.dll
0x00007ffdcafa0000 - 0x00007ffdcafaa000 	C:\Windows\SYSTEM32\VERSION.dll
0x00007ffdd85e0000 - 0x00007ffdd864f000 	C:\Windows\System32\WS2_32.dll
0x00007ffdd5e10000 - 0x00007ffdd5e28000 	C:\Windows\SYSTEM32\kernel.appcore.dll
0x00007ffdd3f10000 - 0x00007ffdd3f1a000 	D:\Android Studio\jbr\bin\jimage.dll
0x00007ffdbf030000 - 0x00007ffdbf251000 	C:\Windows\SYSTEM32\DBGHELP.DLL
0x00007ffdbef10000 - 0x00007ffdbef41000 	C:\Windows\SYSTEM32\dbgcore.DLL
0x00007ffdd76a0000 - 0x00007ffdd771f000 	C:\Windows\System32\bcryptPrimitives.dll
0x00007ffdd17a0000 - 0x00007ffdd17c5000 	D:\Android Studio\jbr\bin\java.dll
0x00007ffdd1c50000 - 0x00007ffdd1c68000 	D:\Android Studio\jbr\bin\zip.dll
0x00007ffdd7c80000 - 0x00007ffdd8445000 	C:\Windows\System32\SHELL32.dll
0x00007ffdd4d10000 - 0x00007ffdd5574000 	C:\Windows\SYSTEM32\windows.storage.dll
0x00007ffdd9240000 - 0x00007ffdd95b6000 	C:\Windows\System32\combase.dll
0x00007ffdd4ba0000 - 0x00007ffdd4d07000 	C:\Windows\SYSTEM32\wintypes.dll
0x00007ffdd84e0000 - 0x00007ffdd85ca000 	C:\Windows\System32\SHCORE.dll
0x00007ffdd95c0000 - 0x00007ffdd961d000 	C:\Windows\System32\shlwapi.dll
0x00007ffdd6d00000 - 0x00007ffdd6d21000 	C:\Windows\SYSTEM32\profapi.dll
0x00007ffdd1780000 - 0x00007ffdd1799000 	D:\Android Studio\jbr\bin\net.dll
0x00007ffdd0930000 - 0x00007ffdd0a42000 	C:\Windows\SYSTEM32\WINHTTP.dll
0x00007ffdd62a0000 - 0x00007ffdd6307000 	C:\Windows\system32\mswsock.dll
0x00007ffdd1760000 - 0x00007ffdd1776000 	D:\Android Studio\jbr\bin\nio.dll
0x00007ffdd3ea0000 - 0x00007ffdd3eb0000 	D:\Android Studio\jbr\bin\verify.dll
0x00007ffdc5670000 - 0x00007ffdc5697000 	C:\Users\acer\.gradle\native\e1d6ef7f7dcc3fd88c89a11ec53ec762bb8ba0a96d01ffa2cd45eb1d1d8dd5c5\windows-amd64\native-platform.dll
0x00007ffdd1750000 - 0x00007ffdd1759000 	D:\Android Studio\jbr\bin\management.dll
0x00007ffdd1740000 - 0x00007ffdd174b000 	D:\Android Studio\jbr\bin\management_ext.dll
0x00007ffdd97e0000 - 0x00007ffdd97e8000 	C:\Windows\System32\PSAPI.DLL
0x00007ffdd6570000 - 0x00007ffdd6588000 	C:\Windows\SYSTEM32\CRYPTSP.dll
0x00007ffdd5d70000 - 0x00007ffdd5da5000 	C:\Windows\system32\rsaenh.dll
0x00007ffdd6340000 - 0x00007ffdd6369000 	C:\Windows\SYSTEM32\USERENV.dll
0x00007ffdd66c0000 - 0x00007ffdd66e7000 	C:\Windows\SYSTEM32\bcrypt.dll
0x00007ffdd6490000 - 0x00007ffdd649c000 	C:\Windows\SYSTEM32\CRYPTBASE.dll
0x00007ffdd5930000 - 0x00007ffdd595d000 	C:\Windows\SYSTEM32\IPHLPAPI.DLL
0x00007ffdd85d0000 - 0x00007ffdd85d9000 	C:\Windows\System32\NSI.dll
0x00007ffdd01b0000 - 0x00007ffdd01c9000 	C:\Windows\SYSTEM32\dhcpcsvc6.DLL
0x00007ffdd15d0000 - 0x00007ffdd15ee000 	C:\Windows\SYSTEM32\dhcpcsvc.DLL
0x00007ffdd5960000 - 0x00007ffdd5a48000 	C:\Windows\SYSTEM32\DNSAPI.dll
0x00007ffdd1730000 - 0x00007ffdd1738000 	C:\Windows\system32\wshunix.dll

dbghelp: loaded successfully - version: 4.0.5 - missing functions: none
symbol engine: initialized successfully - sym options: 0x614 - pdb path: .;D:\Android Studio\jbr\bin;C:\Windows\SYSTEM32;C:\Windows\WinSxS\amd64_microsoft.windows.common-controls_6595b64144ccf1df_6.0.22000.120_none_9d947278b86cc467;D:\Android Studio\jbr\bin\server;C:\Users\acer\.gradle\native\e1d6ef7f7dcc3fd88c89a11ec53ec762bb8ba0a96d01ffa2cd45eb1d1d8dd5c5\windows-amd64

VM Arguments:
jvm_args: -Dorg.gradle.appname=gradlew 
java_command: org.gradle.wrapper.GradleWrapperMain -q -Ptarget-platform=android-x86 -Ptarget=D:\flutter projets\ESPcode_fluttercode\projetagri\lib\main.dart -Pbase-application-name=android.app.Application -Pdart-defines=Zmx1dHRlci5pbnNwZWN0b3Iuc3RydWN0dXJlZEVycm9ycz1mYWxzZQ==,RkxVVFRFUl9XRUJfQVVUT19ERVRFQ1Q9dHJ1ZQ==,RkxVVFRFUl9XRUJfQ0FOVkFTS0lUX1VSTD1odHRwczovL3d3dy5nc3RhdGljLmNvbS9mbHV0dGVyLWNhbnZhc2tpdC8xZDI1OTA2YjRjZjAwNzY2MDRhNjczNjBiMjFiMWUwOTJlYjAxYjE5Lw== -Pdart-obfuscation=false -Ptrack-widget-creation=true -Ptree-shake-icons=false -Pfilesystem-scheme=org-dartlang-root assembleDebug
java_class_path (initial): D:\flutter projets\ESPcode_fluttercode\projetagri\android\\gradle\wrapper\gradle-wrapper.jar
Launcher Type: SUN_STANDARD

[Global flags]
     intx CICompilerCount                          = 3                                         {product} {ergonomic}
     uint ConcGCThreads                            = 1                                         {product} {ergonomic}
     uint G1ConcRefinementThreads                  = 4                                         {product} {ergonomic}
   size_t G1HeapRegionSize                         = 1048576                                   {product} {ergonomic}
    uintx GCDrainStackTargetSize                   = 64                                        {product} {ergonomic}
   size_t InitialHeapSize                          = 134217728                                 {product} {ergonomic}
   size_t MarkStackSize                            = 4194304                                   {product} {ergonomic}
   size_t MaxHeapSize                              = 2122317824                                {product} {ergonomic}
   size_t MaxNewSize                               = 1272971264                                {product} {ergonomic}
   size_t MinHeapDeltaBytes                        = 1048576                                   {product} {ergonomic}
   size_t MinHeapSize                              = 8388608                                   {product} {ergonomic}
    uintx NonNMethodCodeHeapSize                   = 5832780                                {pd product} {ergonomic}
    uintx NonProfiledCodeHeapSize                  = 122912730                              {pd product} {ergonomic}
    uintx ProfiledCodeHeapSize                     = 122912730                              {pd product} {ergonomic}
    uintx ReservedCodeCacheSize                    = 251658240                              {pd product} {ergonomic}
     bool SegmentedCodeCache                       = true                                      {product} {ergonomic}
   size_t SoftMaxHeapSize                          = 2122317824                             {manageable} {ergonomic}
     bool UseCompressedClassPointers               = true                           {product lp64_product} {ergonomic}
     bool UseCompressedOops                        = true                           {product lp64_product} {ergonomic}
     bool UseG1GC                                  = true                                      {product} {ergonomic}
     bool UseLargePagesIndividualAllocation        = false                                  {pd product} {ergonomic}

Logging:
Log output configuration:
 #0: stdout all=warning uptime,level,tags
 #1: stderr all=off uptime,level,tags

Environment Variables:
JAVA_HOME=D:\Android Studio\jbr
CLASSPATH=D:\flutter projets\ESPcode_fluttercode\projetagri\android\\gradle\wrapper\gradle-wrapper.jar
PATH=C:\Program Files\Common Files\Oracle\Java\javapath;C:\Windows\system32;C:\Windows;C:\Windows\System32\Wbem;C:\Windows\System32\WindowsPowerShell\v1.0\;C:\Windows\System32\OpenSSH\;D:\Git\cmd;D:\src\flutter_windows_3.3.10-stable\flutter\bin;D:\Git\bin;D:\java\bin;D:\nodejs\;C:\Users\acer\AppData\Local\Pub\Cache\bin;D:\wampserver\bin\php\php8.2.0;D:\mosquitto;C:\Users\acer\.gradle\wrapper\dists\gradle-8.0.1\lib;D:\Maven\apache-maven-3.9.1-bin\apache-maven-3.9.1\bin;C:\Users\acer\AppData\Local\Android\Sdk;C:\Users\acer\AppData\Local\Android\Sdk\platform-tools;D:\java;C:\Users\acer\AppData\Local\Microsoft\WindowsApps;C:\Users\acer\AppData\Roaming\npm;D:\Microsoft Visual Studio\bin;D:\src\flutter_windows_3.3.10-stable\flutter\bin\mingit\cmd;D:\src\flutter_windows_3.3.10-stable\flutter\bin\mingit\cmd
USERNAME=acer
OS=Windows_NT
PROCESSOR_IDENTIFIER=Intel64 Family 6 Model 61 Stepping 4, GenuineIntel
TMP=C:\Users\acer\AppData\Local\Temp
TEMP=C:\Users\acer\AppData\Local\Temp



---------------  S Y S T E M  ---------------

OS:
 Windows 11 , 64 bit Build 22000 (10.0.22000.1761)
OS uptime: 0 days 16:13 hours
Hyper-V role detected

CPU: total 4 (initial active 4) (2 cores per cpu, 2 threads per core) family 6 model 61 stepping 4 microcode 0x2f, cx8, cmov, fxsr, ht, mmx, 3dnowpref, sse, sse2, sse3, ssse3, sse4.1, sse4.2, popcnt, lzcnt, tsc, tscinvbit, avx, avx2, aes, erms, clmul, bmi1, bmi2, rtm, adx, fma, vzeroupper, clflush, hv

Memory: 4k page, system-wide physical 8091M (1050M free)
TotalPageFile size 10139M (AvailPageFile size 0M)
current process WorkingSet (physical memory assigned to process): 84M, peak: 88M
current process commit charge ("private bytes"): 217M, peak: 222M

vm_info: OpenJDK 64-Bit Server VM (17.0.6+0-b2043.56-9586694) for windows-amd64 JRE (17.0.6+0-b2043.56-9586694), built on Feb  9 2023 20:06:20 by "androidbuild" with MS VC++ 16.10 / 16.11 (VS2019)

END.
